Release 14.7 - xst P.20131013 (nt64)
Copyright (c) 1995-2013 Xilinx, Inc.  All rights reserved.
--> Parameter TMPDIR set to xst/projnav.tmp


Total REAL time to Xst completion: 0.00 secs
Total CPU time to Xst completion: 0.08 secs
 
--> Parameter xsthdpdir set to xst


Total REAL time to Xst completion: 0.00 secs
Total CPU time to Xst completion: 0.08 secs
 
--> Reading design: Branch_calc.prj

TABLE OF CONTENTS
  1) Synthesis Options Summary
  2) HDL Compilation
  3) Design Hierarchy Analysis
  4) HDL Analysis
  5) HDL Synthesis
     5.1) HDL Synthesis Report
  6) Advanced HDL Synthesis
     6.1) Advanced HDL Synthesis Report
  7) Low Level Synthesis
  8) Partition Report
  9) Final Report
	9.1) Device utilization summary
	9.2) Partition Resource Summary
	9.3) TIMING REPORT


=========================================================================
*                      Synthesis Options Summary                        *
=========================================================================
---- Source Parameters
Input File Name                    : "Branch_calc.prj"
Input Format                       : mixed
Ignore Synthesis Constraint File   : NO

---- Target Parameters
Output File Name                   : "Branch_calc"
Output Format                      : NGC
Target Device                      : xc3s1200e-4-fg320

---- Source Options
Top Module Name                    : Branch_calc
Automatic FSM Extraction           : YES
FSM Encoding Algorithm             : Auto
Safe Implementation                : No
FSM Style                          : LUT
RAM Extraction                     : Yes
RAM Style                          : Auto
ROM Extraction                     : Yes
Mux Style                          : Auto
Decoder Extraction                 : YES
Priority Encoder Extraction        : Yes
Shift Register Extraction          : YES
Logical Shifter Extraction         : YES
XOR Collapsing                     : YES
ROM Style                          : Auto
Mux Extraction                     : Yes
Resource Sharing                   : YES
Asynchronous To Synchronous        : NO
Multiplier Style                   : Auto
Automatic Register Balancing       : No

---- Target Options
Add IO Buffers                     : YES
Global Maximum Fanout              : 100000
Add Generic Clock Buffer(BUFG)     : 24
Register Duplication               : YES
Slice Packing                      : YES
Optimize Instantiated Primitives   : NO
Use Clock Enable                   : Yes
Use Synchronous Set                : Yes
Use Synchronous Reset              : Yes
Pack IO Registers into IOBs        : Auto
Equivalent register Removal        : YES

---- General Options
Optimization Goal                  : Speed
Optimization Effort                : 1
Keep Hierarchy                     : No
Netlist Hierarchy                  : As_Optimized
RTL Output                         : Yes
Global Optimization                : AllClockNets
Read Cores                         : YES
Write Timing Constraints           : NO
Cross Clock Analysis               : NO
Hierarchy Separator                : /
Bus Delimiter                      : <>
Case Specifier                     : Maintain
Slice Utilization Ratio            : 100
BRAM Utilization Ratio             : 100
Verilog 2001                       : YES
Auto BRAM Packing                  : NO
Slice Utilization Ratio Delta      : 5

=========================================================================


=========================================================================
*                          HDL Compilation                              *
=========================================================================
Compiling vhdl file "C:/COA/cpu301/branchcalc.vhd" in Library work.
Architecture rtl of Entity branch_calc is up to date.

=========================================================================
*                     Design Hierarchy Analysis                         *
=========================================================================
Analyzing hierarchy for entity <Branch_calc> in library <work> (architecture <rtl>).


=========================================================================
*                            HDL Analysis                               *
=========================================================================
Analyzing Entity <Branch_calc> in library <work> (Architecture <rtl>).
Entity <Branch_calc> analyzed. Unit <Branch_calc> generated.


=========================================================================
*                           HDL Synthesis                               *
=========================================================================

Performing bidirectional port resolution...

Synthesizing Unit <Branch_calc>.
    Related source file is "C:/COA/cpu301/branchcalc.vhd".
WARNING:Xst:647 - Input <T_data> is never used. This port will be preserved and left unconnected if it belongs to a top-level block or it belongs to a sub-block and the hierarchy of this sub-block is preserved.
    Found 16-bit adder for signal <Branch_PC$addsub0000>.
    Summary:
	inferred   1 Adder/Subtractor(s).
Unit <Branch_calc> synthesized.

INFO:Xst:1767 - HDL ADVISOR - Resource sharing has identified that some arithmetic operations in this design can share the same physical resources for reduced device utilization. For improved clock frequency you may try to disable resource sharing.

=========================================================================
HDL Synthesis Report

Macro Statistics
# Adders/Subtractors                                   : 1
 16-bit adder                                          : 1

=========================================================================

=========================================================================
*                       Advanced HDL Synthesis                          *
=========================================================================


=========================================================================
Advanced HDL Synthesis Report

Macro Statistics
# Adders/Subtractors                                   : 1
 16-bit adder                                          : 1

=========================================================================

=========================================================================
*                         Low Level Synthesis                           *
=========================================================================

Optimizing unit <Branch_calc> ...

Mapping all equations...
Building and optimizing final netlist ...
Found area constraint ratio of 100 (+ 5) on block Branch_calc, actual ratio is 0.

Final Macro Processing ...

=========================================================================
Final Register Report

Found no macro
=========================================================================

=========================================================================
*                           Partition Report                            *
=========================================================================

Partition Implementation Status
-------------------------------

  No Partitions were found in this design.

-------------------------------

=========================================================================
*                            Final Report                               *
=========================================================================
Final Results
RTL Top Level Output File Name     : Branch_calc.ngr
Top Level Output File Name         : Branch_calc
Output Format                      : NGC
Optimization Goal                  : Speed
Keep Hierarchy                     : No

Design Statistics
# IOs                              : 84

Cell Usage :
# BELS                             : 103
#      GND                         : 1
#      LUT2                        : 17
#      LUT3                        : 32
#      LUT4                        : 6
#      MUXCY                       : 15
#      MUXF5                       : 16
#      XORCY                       : 16
# IO Buffers                       : 68
#      IBUF                        : 51
#      OBUF                        : 17
=========================================================================

Device utilization summary:
---------------------------

Selected Device : 3s1200efg320-4 

 Number of Slices:                       28  out of   8672     0%  
 Number of 4 input LUTs:                 55  out of  17344     0%  
 Number of IOs:                          84
 Number of bonded IOBs:                  68  out of    250    27%  

---------------------------
Partition Resource Summary:
---------------------------

  No Partitions were found in this design.

---------------------------


=========================================================================
TIMING REPORT

NOTE: THESE TIMING NUMBERS ARE ONLY A SYNTHESIS ESTIMATE.
      FOR ACCURATE TIMING INFORMATION PLEASE REFER TO THE TRACE REPORT
      GENERATED AFTER PLACE-and-ROUTE.

Clock Information:
------------------
No clock signals found in this design

Asynchronous Control Signals Information:
----------------------------------------
No asynchronous control signals found in this design

Timing Summary:
---------------
Speed Grade: -4

   Minimum period: No path found
   Minimum input arrival time before clock: No path found
   Maximum output required time after clock: No path found
   Maximum combinational path delay: 9.938ns

Timing Detail:
--------------
All values displayed in nanoseconds (ns)

=========================================================================
Timing constraint: Default path analysis
  Total number of paths / destination ports: 523 / 17
-------------------------------------------------------------------------
Delay:               9.938ns (Levels of Logic = 21)
  Source:            PC<0> (PAD)
  Destination:       Branch_PC<15> (PAD)

  Data Path: PC<0> to Branch_PC<15>
                                Gate     Net
    Cell:in->out      fanout   Delay   Delay  Logical Name (Net Name)
    ----------------------------------------  ------------
     IBUF:I->O             3   1.218   0.706  PC_0_IBUF (PC_0_IBUF)
     LUT2:I0->O            1   0.704   0.000  Madd_Branch_PC_addsub0000_lut<0> (Madd_Branch_PC_addsub0000_lut<0>)
     MUXCY:S->O            1   0.464   0.000  Madd_Branch_PC_addsub0000_cy<0> (Madd_Branch_PC_addsub0000_cy<0>)
     MUXCY:CI->O           1   0.059   0.000  Madd_Branch_PC_addsub0000_cy<1> (Madd_Branch_PC_addsub0000_cy<1>)
     MUXCY:CI->O           1   0.059   0.000  Madd_Branch_PC_addsub0000_cy<2> (Madd_Branch_PC_addsub0000_cy<2>)
     MUXCY:CI->O           1   0.059   0.000  Madd_Branch_PC_addsub0000_cy<3> (Madd_Branch_PC_addsub0000_cy<3>)
     MUXCY:CI->O           1   0.059   0.000  Madd_Branch_PC_addsub0000_cy<4> (Madd_Branch_PC_addsub0000_cy<4>)
     MUXCY:CI->O           1   0.059   0.000  Madd_Branch_PC_addsub0000_cy<5> (Madd_Branch_PC_addsub0000_cy<5>)
     MUXCY:CI->O           1   0.059   0.000  Madd_Branch_PC_addsub0000_cy<6> (Madd_Branch_PC_addsub0000_cy<6>)
     MUXCY:CI->O           1   0.059   0.000  Madd_Branch_PC_addsub0000_cy<7> (Madd_Branch_PC_addsub0000_cy<7>)
     MUXCY:CI->O           1   0.059   0.000  Madd_Branch_PC_addsub0000_cy<8> (Madd_Branch_PC_addsub0000_cy<8>)
     MUXCY:CI->O           1   0.059   0.000  Madd_Branch_PC_addsub0000_cy<9> (Madd_Branch_PC_addsub0000_cy<9>)
     MUXCY:CI->O           1   0.059   0.000  Madd_Branch_PC_addsub0000_cy<10> (Madd_Branch_PC_addsub0000_cy<10>)
     MUXCY:CI->O           1   0.059   0.000  Madd_Branch_PC_addsub0000_cy<11> (Madd_Branch_PC_addsub0000_cy<11>)
     MUXCY:CI->O           1   0.059   0.000  Madd_Branch_PC_addsub0000_cy<12> (Madd_Branch_PC_addsub0000_cy<12>)
     MUXCY:CI->O           1   0.059   0.000  Madd_Branch_PC_addsub0000_cy<13> (Madd_Branch_PC_addsub0000_cy<13>)
     MUXCY:CI->O           0   0.059   0.000  Madd_Branch_PC_addsub0000_cy<14> (Madd_Branch_PC_addsub0000_cy<14>)
     XORCY:CI->O           1   0.804   0.499  Madd_Branch_PC_addsub0000_xor<15> (Branch_PC_addsub0000<15>)
     LUT3:I1->O            1   0.704   0.000  Branch_PC<15>_G (N85)
     MUXF5:I1->O           1   0.321   0.420  Branch_PC<15> (Branch_PC_15_OBUF)
     OBUF:I->O                 3.272          Branch_PC_15_OBUF (Branch_PC<15>)
    ----------------------------------------
    Total                      9.938ns (8.313ns logic, 1.625ns route)
                                       (83.6% logic, 16.4% route)

=========================================================================


Total REAL time to Xst completion: 4.00 secs
Total CPU time to Xst completion: 4.50 secs
 
--> 

Total memory usage is 258392 kilobytes

Number of errors   :    0 (   0 filtered)
Number of warnings :    1 (   0 filtered)
Number of infos    :    1 (   0 filtered)

