Release 14.7 - xst P.20131013 (nt64)
Copyright (c) 1995-2013 Xilinx, Inc.  All rights reserved.
--> Parameter TMPDIR set to xst/projnav.tmp


Total REAL time to Xst completion: 0.00 secs
Total CPU time to Xst completion: 0.09 secs
 
--> Parameter xsthdpdir set to xst


Total REAL time to Xst completion: 0.00 secs
Total CPU time to Xst completion: 0.09 secs
 
--> Reading design: CLK_GEN.prj

TABLE OF CONTENTS
  1) Synthesis Options Summary
  2) HDL Compilation
  3) Design Hierarchy Analysis
  4) HDL Analysis
  5) HDL Synthesis
     5.1) HDL Synthesis Report
  6) Advanced HDL Synthesis
     6.1) Advanced HDL Synthesis Report
  7) Low Level Synthesis
  8) Partition Report
  9) Final Report
	9.1) Device utilization summary
	9.2) Partition Resource Summary
	9.3) TIMING REPORT


=========================================================================
*                      Synthesis Options Summary                        *
=========================================================================
---- Source Parameters
Input File Name                    : "CLK_GEN.prj"
Input Format                       : mixed
Ignore Synthesis Constraint File   : NO

---- Target Parameters
Output File Name                   : "CLK_GEN"
Output Format                      : NGC
Target Device                      : xc3s1200e-4-fg320

---- Source Options
Top Module Name                    : CLK_GEN
Automatic FSM Extraction           : YES
FSM Encoding Algorithm             : Auto
Safe Implementation                : No
FSM Style                          : LUT
RAM Extraction                     : Yes
RAM Style                          : Auto
ROM Extraction                     : Yes
Mux Style                          : Auto
Decoder Extraction                 : YES
Priority Encoder Extraction        : Yes
Shift Register Extraction          : YES
Logical Shifter Extraction         : YES
XOR Collapsing                     : YES
ROM Style                          : Auto
Mux Extraction                     : Yes
Resource Sharing                   : YES
Asynchronous To Synchronous        : NO
Multiplier Style                   : Auto
Automatic Register Balancing       : No

---- Target Options
Add IO Buffers                     : YES
Global Maximum Fanout              : 100000
Add Generic Clock Buffer(BUFG)     : 24
Register Duplication               : YES
Slice Packing                      : YES
Optimize Instantiated Primitives   : NO
Use Clock Enable                   : Yes
Use Synchronous Set                : Yes
Use Synchronous Reset              : Yes
Pack IO Registers into IOBs        : Auto
Equivalent register Removal        : YES

---- General Options
Optimization Goal                  : Speed
Optimization Effort                : 1
Keep Hierarchy                     : No
Netlist Hierarchy                  : As_Optimized
RTL Output                         : Yes
Global Optimization                : AllClockNets
Read Cores                         : YES
Write Timing Constraints           : NO
Cross Clock Analysis               : NO
Hierarchy Separator                : /
Bus Delimiter                      : <>
Case Specifier                     : Maintain
Slice Utilization Ratio            : 100
BRAM Utilization Ratio             : 100
Verilog 2001                       : YES
Auto BRAM Packing                  : NO
Slice Utilization Ratio Delta      : 5

=========================================================================


=========================================================================
*                          HDL Compilation                              *
=========================================================================
Compiling vhdl file "C:/COA/cpu301/clkgen.vhd" in Library work.
Entity <clk_gen> compiled.
Entity <clk_gen> (Architecture <rtl>) compiled.

=========================================================================
*                     Design Hierarchy Analysis                         *
=========================================================================
Analyzing hierarchy for entity <CLK_GEN> in library <work> (architecture <rtl>).


=========================================================================
*                            HDL Analysis                               *
=========================================================================
Analyzing Entity <CLK_GEN> in library <work> (Architecture <rtl>).
Entity <CLK_GEN> analyzed. Unit <CLK_GEN> generated.


=========================================================================
*                           HDL Synthesis                               *
=========================================================================

Performing bidirectional port resolution...

Synthesizing Unit <CLK_GEN>.
    Related source file is "C:/COA/cpu301/clkgen.vhd".
    Found 1-bit register for signal <Clk_s>.
    Found 1-bit register for signal <Clk_x2_s>.
    Found 1-bit register for signal <Cnt<0>>.
    Summary:
	inferred   3 D-type flip-flop(s).
Unit <CLK_GEN> synthesized.


=========================================================================
HDL Synthesis Report

Macro Statistics
# Registers                                            : 3
 1-bit register                                        : 3

=========================================================================

=========================================================================
*                       Advanced HDL Synthesis                          *
=========================================================================


=========================================================================
Advanced HDL Synthesis Report

Macro Statistics
# Registers                                            : 3
 Flip-Flops                                            : 3

=========================================================================

=========================================================================
*                         Low Level Synthesis                           *
=========================================================================

Optimizing unit <CLK_GEN> ...

Mapping all equations...
Building and optimizing final netlist ...
Found area constraint ratio of 100 (+ 5) on block CLK_GEN, actual ratio is 0.

Final Macro Processing ...

=========================================================================
Final Register Report

Macro Statistics
# Registers                                            : 3
 Flip-Flops                                            : 3

=========================================================================

=========================================================================
*                           Partition Report                            *
=========================================================================

Partition Implementation Status
-------------------------------

  No Partitions were found in this design.

-------------------------------

=========================================================================
*                            Final Report                               *
=========================================================================
Final Results
RTL Top Level Output File Name     : CLK_GEN.ngr
Top Level Output File Name         : CLK_GEN
Output Format                      : NGC
Optimization Goal                  : Speed
Keep Hierarchy                     : No

Design Statistics
# IOs                              : 5

Cell Usage :
# BELS                             : 4
#      INV                         : 4
# FlipFlops/Latches                : 3
#      FDC                         : 1
#      FDCE                        : 1
#      FDE                         : 1
# Clock Buffers                    : 1
#      BUFG                        : 1
# IO Buffers                       : 5
#      IBUF                        : 2
#      OBUF                        : 3
=========================================================================

Device utilization summary:
---------------------------

Selected Device : 3s1200efg320-4 

 Number of Slices:                        2  out of   8672     0%  
 Number of Slice Flip Flops:              3  out of  17344     0%  
 Number of 4 input LUTs:                  4  out of  17344     0%  
 Number of IOs:                           5
 Number of bonded IOBs:                   5  out of    250     2%  
 Number of GCLKs:                         1  out of     24     4%  

---------------------------
Partition Resource Summary:
---------------------------

  No Partitions were found in this design.

---------------------------


=========================================================================
TIMING REPORT

NOTE: THESE TIMING NUMBERS ARE ONLY A SYNTHESIS ESTIMATE.
      FOR ACCURATE TIMING INFORMATION PLEASE REFER TO THE TRACE REPORT
      GENERATED AFTER PLACE-and-ROUTE.

Clock Information:
------------------
-----------------------------------+------------------------+-------+
Clock Signal                       | Clock buffer(FF name)  | Load  |
-----------------------------------+------------------------+-------+
Clk_base                           | IBUF+BUFG              | 3     |
-----------------------------------+------------------------+-------+

Asynchronous Control Signals Information:
----------------------------------------
-----------------------------------+------------------------+-------+
Control Signal                     | Buffer(FF name)        | Load  |
-----------------------------------+------------------------+-------+
Rst_inv(Rst_inv1_INV_0:O)          | NONE(Clk_s)            | 2     |
-----------------------------------+------------------------+-------+

Timing Summary:
---------------
Speed Grade: -4

   Minimum period: 2.717ns (Maximum Frequency: 368.053MHz)
   Minimum input arrival time before clock: 2.220ns
   Maximum output required time after clock: 4.310ns
   Maximum combinational path delay: 4.937ns

Timing Detail:
--------------
All values displayed in nanoseconds (ns)

=========================================================================
Timing constraint: Default period analysis for Clock 'Clk_base'
  Clock period: 2.717ns (frequency: 368.053MHz)
  Total number of paths / destination ports: 4 / 4
-------------------------------------------------------------------------
Delay:               2.717ns (Levels of Logic = 1)
  Source:            Cnt_0 (FF)
  Destination:       Clk_s (FF)
  Source Clock:      Clk_base rising
  Destination Clock: Clk_base rising

  Data Path: Cnt_0 to Clk_s
                                Gate     Net
    Cell:in->out      fanout   Delay   Delay  Logical Name (Net Name)
    ----------------------------------------  ------------
     FDE:C->Q              1   0.591   0.420  Cnt_0 (Cnt_0)
     INV:I->O              2   0.704   0.447  Cnt_inv1_INV_0 (Cnt_inv)
     FDCE:CE                   0.555          Clk_s
    ----------------------------------------
    Total                      2.717ns (1.850ns logic, 0.867ns route)
                                       (68.1% logic, 31.9% route)

=========================================================================
Timing constraint: Default OFFSET IN BEFORE for Clock 'Clk_base'
  Total number of paths / destination ports: 1 / 1
-------------------------------------------------------------------------
Offset:              2.220ns (Levels of Logic = 1)
  Source:            Rst (PAD)
  Destination:       Cnt_0 (FF)
  Destination Clock: Clk_base rising

  Data Path: Rst to Cnt_0
                                Gate     Net
    Cell:in->out      fanout   Delay   Delay  Logical Name (Net Name)
    ----------------------------------------  ------------
     IBUF:I->O             2   1.218   0.447  Rst_IBUF (Rst_IBUF)
     FDE:CE                    0.555          Cnt_0
    ----------------------------------------
    Total                      2.220ns (1.773ns logic, 0.447ns route)
                                       (79.9% logic, 20.1% route)

=========================================================================
Timing constraint: Default OFFSET OUT AFTER for Clock 'Clk_base'
  Total number of paths / destination ports: 2 / 2
-------------------------------------------------------------------------
Offset:              4.310ns (Levels of Logic = 1)
  Source:            Clk_s (FF)
  Destination:       Clk (PAD)
  Source Clock:      Clk_base rising

  Data Path: Clk_s to Clk
                                Gate     Net
    Cell:in->out      fanout   Delay   Delay  Logical Name (Net Name)
    ----------------------------------------  ------------
     FDCE:C->Q             2   0.591   0.447  Clk_s (Clk_s)
     OBUF:I->O                 3.272          Clk_OBUF (Clk)
    ----------------------------------------
    Total                      4.310ns (3.863ns logic, 0.447ns route)
                                       (89.6% logic, 10.4% route)

=========================================================================
Timing constraint: Default path analysis
  Total number of paths / destination ports: 1 / 1
-------------------------------------------------------------------------
Delay:               4.937ns (Levels of Logic = 2)
  Source:            Clk_base (PAD)
  Destination:       Clk_x4 (PAD)

  Data Path: Clk_base to Clk_x4
                                Gate     Net
    Cell:in->out      fanout   Delay   Delay  Logical Name (Net Name)
    ----------------------------------------  ------------
     IBUF:I->O             2   1.218   0.447  Clk_base_IBUF (Clk_x4_OBUF1)
     OBUF:I->O                 3.272          Clk_x4_OBUF (Clk_x4)
    ----------------------------------------
    Total                      4.937ns (4.490ns logic, 0.447ns route)
                                       (90.9% logic, 9.1% route)

=========================================================================


Total REAL time to Xst completion: 4.00 secs
Total CPU time to Xst completion: 4.12 secs
 
--> 

Total memory usage is 257304 kilobytes

Number of errors   :    0 (   0 filtered)
Number of warnings :    0 (   0 filtered)
Number of infos    :    0 (   0 filtered)

