Release 14.7 - xst P.20131013 (nt64)
Copyright (c) 1995-2013 Xilinx, Inc.  All rights reserved.
--> Parameter TMPDIR set to xst/projnav.tmp


Total REAL time to Xst completion: 0.00 secs
Total CPU time to Xst completion: 0.09 secs
 
--> Parameter xsthdpdir set to xst


Total REAL time to Xst completion: 0.00 secs
Total CPU time to Xst completion: 0.09 secs
 
--> Reading design: CPU_TOP.prj

TABLE OF CONTENTS
  1) Synthesis Options Summary
  2) HDL Compilation
  3) Design Hierarchy Analysis
  4) HDL Analysis
  5) HDL Synthesis
     5.1) HDL Synthesis Report
  6) Advanced HDL Synthesis
     6.1) Advanced HDL Synthesis Report
  7) Low Level Synthesis
  8) Partition Report
  9) Final Report
	9.1) Device utilization summary
	9.2) Partition Resource Summary
	9.3) TIMING REPORT


=========================================================================
*                      Synthesis Options Summary                        *
=========================================================================
---- Source Parameters
Input File Name                    : "CPU_TOP.prj"
Input Format                       : mixed
Ignore Synthesis Constraint File   : NO

---- Target Parameters
Output File Name                   : "CPU_TOP"
Output Format                      : NGC
Target Device                      : xc3s1200e-4-fg320

---- Source Options
Top Module Name                    : CPU_TOP
Automatic FSM Extraction           : YES
FSM Encoding Algorithm             : Auto
Safe Implementation                : No
FSM Style                          : LUT
RAM Extraction                     : Yes
RAM Style                          : Auto
ROM Extraction                     : Yes
Mux Style                          : Auto
Decoder Extraction                 : YES
Priority Encoder Extraction        : Yes
Shift Register Extraction          : YES
Logical Shifter Extraction         : YES
XOR Collapsing                     : YES
ROM Style                          : Auto
Mux Extraction                     : Yes
Resource Sharing                   : YES
Asynchronous To Synchronous        : NO
Multiplier Style                   : Auto
Automatic Register Balancing       : No

---- Target Options
Add IO Buffers                     : YES
Global Maximum Fanout              : 100000
Add Generic Clock Buffer(BUFG)     : 24
Register Duplication               : YES
Slice Packing                      : YES
Optimize Instantiated Primitives   : NO
Use Clock Enable                   : Yes
Use Synchronous Set                : Yes
Use Synchronous Reset              : Yes
Pack IO Registers into IOBs        : Auto
Equivalent register Removal        : YES

---- General Options
Optimization Goal                  : Speed
Optimization Effort                : 1
Keep Hierarchy                     : No
Netlist Hierarchy                  : As_Optimized
RTL Output                         : Yes
Global Optimization                : AllClockNets
Read Cores                         : YES
Write Timing Constraints           : NO
Cross Clock Analysis               : NO
Hierarchy Separator                : /
Bus Delimiter                      : <>
Case Specifier                     : Maintain
Slice Utilization Ratio            : 100
BRAM Utilization Ratio             : 100
Verilog 2001                       : YES
Auto BRAM Packing                  : NO
Slice Utilization Ratio Delta      : 5

=========================================================================


=========================================================================
*                          HDL Compilation                              *
=========================================================================
Compiling vhdl file "C:/COA/cpu301/memory.vhd" in Library work.
Architecture rtl of Entity memory is up to date.
Compiling vhdl file "C:/COA/cpu301/memwbregs.vhd" in Library work.
Architecture rtl of Entity mem_wb_regs is up to date.
Compiling vhdl file "C:/COA/cpu301/srcA_mux.vhd" in Library work.
Architecture rtl of Entity srca_mux is up to date.
Compiling vhdl file "C:/COA/cpu301/srcB_mux.vhd" in Library work.
Architecture rtl of Entity srcb_mux is up to date.
Compiling vhdl file "C:/COA/cpu301/r2mux.vhd" in Library work.
Architecture rtl of Entity r2_mux is up to date.
Compiling vhdl file "C:/COA/cpu301/ALU.vhd" in Library work.
Architecture rtl of Entity alu is up to date.
Compiling vhdl file "C:/COA/cpu301/exememregs.vhd" in Library work.
Architecture rtl of Entity exe_mem_regs is up to date.
Compiling vhdl file "C:/COA/cpu301/decoder.vhd" in Library work.
Architecture rtl of Entity decoder is up to date.
Compiling vhdl file "C:/COA/cpu301/regheap.vhd" in Library work.
Architecture rtl of Entity reg_heap is up to date.
Compiling vhdl file "C:/COA/cpu301/idexeregs.vhd" in Library work.
Architecture rtl of Entity id_exe_regs is up to date.
Compiling vhdl file "C:/COA/cpu301/branchcalc.vhd" in Library work.
Architecture rtl of Entity branch_calc is up to date.
Compiling vhdl file "C:/COA/cpu301/HAZARD.vhd" in Library work.
Architecture rtl of Entity hazard is up to date.
Compiling vhdl file "C:/COA/cpu301/pcreg.vhd" in Library work.
Architecture rtl of Entity pc_reg is up to date.
Compiling vhdl file "C:/COA/cpu301/ifetcher.vhd" in Library work.
Architecture rtl of Entity inst_fetcher is up to date.
Compiling vhdl file "C:/COA/cpu301/ifidregs.vhd" in Library work.
Architecture rtl of Entity if_id_regs is up to date.
Compiling vhdl file "C:/COA/cpu301/pcinc.vhd" in Library work.
Architecture rtl of Entity pc_inc is up to date.
Compiling vhdl file "C:/COA/cpu301/pcmux.vhd" in Library work.
Architecture rtl of Entity pc_mux is up to date.
Compiling vhdl file "C:/COA/cpu301/booter.vhd" in Library work.
Entity <booter> compiled.
Entity <booter> (Architecture <rtl>) compiled.
Compiling vhdl file "C:/COA/cpu301/ssd.vhd" in Library work.
Architecture rtl of Entity seven_seg_display is up to date.
Compiling vhdl file "C:/COA/cpu301/clkbase.vhd" in Library work.
Entity <clk_base_gen> compiled.
Entity <clk_base_gen> (Architecture <rtl>) compiled.
Compiling vhdl file "C:/COA/cpu301/clkgen.vhd" in Library work.
Architecture rtl of Entity clk_gen is up to date.
Compiling vhdl file "C:/COA/cpu301/stageif.vhd" in Library work.
Architecture structral of Entity stage_if is up to date.
Compiling vhdl file "C:/COA/cpu301/stageid.vhd" in Library work.
Architecture structral of Entity stage_id is up to date.
Compiling vhdl file "C:/COA/cpu301/stageexe.vhd" in Library work.
Architecture structral of Entity stage_exe is up to date.
Compiling vhdl file "C:/COA/cpu301/stagemem.vhd" in Library work.
Architecture structral of Entity stage_mem is up to date.
Compiling vhdl file "C:/COA/cpu301/wbmux.vhd" in Library work.
Architecture rtl of Entity wb_mux is up to date.
Compiling vhdl file "C:/COA/cpu301/cputop.vhd" in Library work.
Architecture structrual of Entity cpu_top is up to date.

=========================================================================
*                     Design Hierarchy Analysis                         *
=========================================================================
Analyzing hierarchy for entity <CPU_TOP> in library <work> (architecture <structrual>).

Analyzing hierarchy for entity <BOOTER> in library <work> (architecture <rtl>).

Analyzing hierarchy for entity <SEVEN_SEG_DISPLAY> in library <work> (architecture <rtl>).

Analyzing hierarchy for entity <CLK_BASE_GEN> in library <work> (architecture <rtl>).

Analyzing hierarchy for entity <CLK_GEN> in library <work> (architecture <rtl>).

Analyzing hierarchy for entity <STAGE_IF> in library <work> (architecture <structral>).

Analyzing hierarchy for entity <STAGE_ID> in library <work> (architecture <structral>).

Analyzing hierarchy for entity <STAGE_EXE> in library <work> (architecture <structral>).

Analyzing hierarchy for entity <STAGE_MEM> in library <work> (architecture <structral>).

Analyzing hierarchy for entity <WB_MUX> in library <work> (architecture <rtl>).

Analyzing hierarchy for entity <PC_REG> in library <work> (architecture <rtl>).

Analyzing hierarchy for entity <INST_FETCHER> in library <work> (architecture <rtl>).

Analyzing hierarchy for entity <IF_ID_REGS> in library <work> (architecture <rtl>).

Analyzing hierarchy for entity <PC_INC> in library <work> (architecture <rtl>).

Analyzing hierarchy for entity <PC_MUX> in library <work> (architecture <rtl>).

Analyzing hierarchy for entity <DECODER> in library <work> (architecture <rtl>).

Analyzing hierarchy for entity <REG_HEAP> in library <work> (architecture <rtl>).

Analyzing hierarchy for entity <ID_EXE_REGS> in library <work> (architecture <rtl>).

Analyzing hierarchy for entity <BRANCH_CALC> in library <work> (architecture <rtl>).

Analyzing hierarchy for entity <HAZARD> in library <work> (architecture <rtl>).

Analyzing hierarchy for entity <srcA_mux> in library <work> (architecture <rtl>).

Analyzing hierarchy for entity <srcB_mux> in library <work> (architecture <rtl>).

Analyzing hierarchy for entity <R2_mux> in library <work> (architecture <rtl>).

Analyzing hierarchy for entity <ALU> in library <work> (architecture <rtl>).

Analyzing hierarchy for entity <EXE_MEM_REGS> in library <work> (architecture <rtl>).

Analyzing hierarchy for entity <MEMORY> in library <work> (architecture <rtl>).

Analyzing hierarchy for entity <MEM_WB_REGS> in library <work> (architecture <rtl>).


=========================================================================
*                            HDL Analysis                               *
=========================================================================
Analyzing Entity <CPU_TOP> in library <work> (Architecture <structrual>).
WARNING:Xst:819 - "C:/COA/cpu301/cputop.vhd" line 314: One or more signals are missing in the process sensitivity list. To enable synthesis of FPGA/CPLD hardware, XST will assume that all necessary signals are present in the sensitivity list. Please note that the result of the synthesis may differ from the initial design specification. The missing signals are:
   <Data_to_RAM2_b>, <Addr_to_RAM2_b>, <B_op>, <Freeze_t>, <Data_to_RAM2_t>, <Addr_to_RAM2_t>, <RAM2_op_t>
Entity <CPU_TOP> analyzed. Unit <CPU_TOP> generated.

Analyzing Entity <BOOTER> in library <work> (Architecture <rtl>).
INFO:Xst:2679 - Register <Data> in unit <BOOTER> has a constant value of 0000000000000000 during circuit operation. The register is replaced by logic.
INFO:Xst:2679 - Register <Flash_addr<0>> in unit <BOOTER> has a constant value of 0 during circuit operation. The register is replaced by logic.
Entity <BOOTER> analyzed. Unit <BOOTER> generated.

Analyzing Entity <SEVEN_SEG_DISPLAY> in library <work> (Architecture <rtl>).
INFO:Xst:1561 - "C:/COA/cpu301/ssd.vhd" line 58: Mux is complete : default of case is discarded
INFO:Xst:1561 - "C:/COA/cpu301/ssd.vhd" line 77: Mux is complete : default of case is discarded
Entity <SEVEN_SEG_DISPLAY> analyzed. Unit <SEVEN_SEG_DISPLAY> generated.

Analyzing Entity <CLK_BASE_GEN> in library <work> (Architecture <rtl>).
Entity <CLK_BASE_GEN> analyzed. Unit <CLK_BASE_GEN> generated.

Analyzing Entity <CLK_GEN> in library <work> (Architecture <rtl>).
Entity <CLK_GEN> analyzed. Unit <CLK_GEN> generated.

Analyzing Entity <STAGE_IF> in library <work> (Architecture <structral>).
Entity <STAGE_IF> analyzed. Unit <STAGE_IF> generated.

Analyzing Entity <PC_REG> in library <work> (Architecture <rtl>).
Entity <PC_REG> analyzed. Unit <PC_REG> generated.

Analyzing Entity <INST_FETCHER> in library <work> (Architecture <rtl>).
INFO:Xst:2679 - Register <RAM2_addr<17>> in unit <INST_FETCHER> has a constant value of 0 during circuit operation. The register is replaced by logic.
INFO:Xst:2679 - Register <RAM2_addr<16>> in unit <INST_FETCHER> has a constant value of 0 during circuit operation. The register is replaced by logic.
Entity <INST_FETCHER> analyzed. Unit <INST_FETCHER> generated.

Analyzing Entity <IF_ID_REGS> in library <work> (Architecture <rtl>).
Entity <IF_ID_REGS> analyzed. Unit <IF_ID_REGS> generated.

Analyzing Entity <PC_INC> in library <work> (Architecture <rtl>).
Entity <PC_INC> analyzed. Unit <PC_INC> generated.

Analyzing Entity <PC_MUX> in library <work> (Architecture <rtl>).
Entity <PC_MUX> analyzed. Unit <PC_MUX> generated.

Analyzing Entity <STAGE_ID> in library <work> (Architecture <structral>).
Entity <STAGE_ID> analyzed. Unit <STAGE_ID> generated.

Analyzing Entity <DECODER> in library <work> (Architecture <rtl>).
WARNING:Xst:819 - "C:/COA/cpu301/decoder.vhd" line 53: One or more signals are missing in the process sensitivity list. To enable synthesis of FPGA/CPLD hardware, XST will assume that all necessary signals are present in the sensitivity list. Please note that the result of the synthesis may differ from the initial design specification. The missing signals are:
   <rx>, <immediate>, <rz>, <ry>
Entity <DECODER> analyzed. Unit <DECODER> generated.

Analyzing Entity <REG_HEAP> in library <work> (Architecture <rtl>).
WARNING:Xst:819 - "C:/COA/cpu301/regheap.vhd" line 67: One or more signals are missing in the process sensitivity list. To enable synthesis of FPGA/CPLD hardware, XST will assume that all necessary signals are present in the sensitivity list. Please note that the result of the synthesis may differ from the initial design specification. The missing signals are:
   <PC>, <Reg>
WARNING:Xst:819 - "C:/COA/cpu301/regheap.vhd" line 79: One or more signals are missing in the process sensitivity list. To enable synthesis of FPGA/CPLD hardware, XST will assume that all necessary signals are present in the sensitivity list. Please note that the result of the synthesis may differ from the initial design specification. The missing signals are:
   <PC>, <Reg>
Entity <REG_HEAP> analyzed. Unit <REG_HEAP> generated.

Analyzing Entity <ID_EXE_REGS> in library <work> (Architecture <rtl>).
Entity <ID_EXE_REGS> analyzed. Unit <ID_EXE_REGS> generated.

Analyzing Entity <BRANCH_CALC> in library <work> (Architecture <rtl>).
Entity <BRANCH_CALC> analyzed. Unit <BRANCH_CALC> generated.

Analyzing Entity <HAZARD> in library <work> (Architecture <rtl>).
Entity <HAZARD> analyzed. Unit <HAZARD> generated.

Analyzing Entity <STAGE_EXE> in library <work> (Architecture <structral>).
Entity <STAGE_EXE> analyzed. Unit <STAGE_EXE> generated.

Analyzing Entity <srcA_mux> in library <work> (Architecture <rtl>).
WARNING:Xst:819 - "C:/COA/cpu301/srcA_mux.vhd" line 46: One or more signals are missing in the process sensitivity list. To enable synthesis of FPGA/CPLD hardware, XST will assume that all necessary signals are present in the sensitivity list. Please note that the result of the synthesis may differ from the initial design specification. The missing signals are:
   <id_ex>, <ex_mem>, <mem_wb>
Entity <srcA_mux> analyzed. Unit <srcA_mux> generated.

Analyzing Entity <srcB_mux> in library <work> (Architecture <rtl>).
WARNING:Xst:819 - "C:/COA/cpu301/srcB_mux.vhd" line 47: One or more signals are missing in the process sensitivity list. To enable synthesis of FPGA/CPLD hardware, XST will assume that all necessary signals are present in the sensitivity list. Please note that the result of the synthesis may differ from the initial design specification. The missing signals are:
   <id_ex>, <immediate>, <ex_mem>, <mem_wb>
Entity <srcB_mux> analyzed. Unit <srcB_mux> generated.

Analyzing Entity <R2_mux> in library <work> (Architecture <rtl>).
WARNING:Xst:819 - "C:/COA/cpu301/r2mux.vhd" line 46: One or more signals are missing in the process sensitivity list. To enable synthesis of FPGA/CPLD hardware, XST will assume that all necessary signals are present in the sensitivity list. Please note that the result of the synthesis may differ from the initial design specification. The missing signals are:
   <Exe_mem_alu_out>, <Mem_WB_res>, <ID_Exe_r2_data>
Entity <R2_mux> analyzed. Unit <R2_mux> generated.

Analyzing Entity <ALU> in library <work> (Architecture <rtl>).
WARNING:Xst:819 - "C:/COA/cpu301/ALU.vhd" line 43: One or more signals are missing in the process sensitivity list. To enable synthesis of FPGA/CPLD hardware, XST will assume that all necessary signals are present in the sensitivity list. Please note that the result of the synthesis may differ from the initial design specification. The missing signals are:
   <srcA>
Entity <ALU> analyzed. Unit <ALU> generated.

Analyzing Entity <EXE_MEM_REGS> in library <work> (Architecture <rtl>).
Entity <EXE_MEM_REGS> analyzed. Unit <EXE_MEM_REGS> generated.

Analyzing Entity <STAGE_MEM> in library <work> (Architecture <structral>).
Entity <STAGE_MEM> analyzed. Unit <STAGE_MEM> generated.

Analyzing Entity <MEMORY> in library <work> (Architecture <rtl>).
WARNING:Xst:819 - "C:/COA/cpu301/memory.vhd" line 63: One or more signals are missing in the process sensitivity list. To enable synthesis of FPGA/CPLD hardware, XST will assume that all necessary signals are present in the sensitivity list. Please note that the result of the synthesis may differ from the initial design specification. The missing signals are:
   <Freeze_reg>, <MEMop>, <RAM1_data>
WARNING:Xst:819 - "C:/COA/cpu301/memory.vhd" line 116: One or more signals are missing in the process sensitivity list. To enable synthesis of FPGA/CPLD hardware, XST will assume that all necessary signals are present in the sensitivity list. Please note that the result of the synthesis may differ from the initial design specification. The missing signals are:
   <Freeze_reg>, <data>
Entity <MEMORY> analyzed. Unit <MEMORY> generated.

Analyzing Entity <MEM_WB_REGS> in library <work> (Architecture <rtl>).
Entity <MEM_WB_REGS> analyzed. Unit <MEM_WB_REGS> generated.

Analyzing Entity <WB_MUX> in library <work> (Architecture <rtl>).
Entity <WB_MUX> analyzed. Unit <WB_MUX> generated.


=========================================================================
*                           HDL Synthesis                               *
=========================================================================

Performing bidirectional port resolution...

Synthesizing Unit <BOOTER>.
    Related source file is "C:/COA/cpu301/booter.vhd".
WARNING:Xst:646 - Signal <Data> is assigned but never used. This unconnected signal will be trimmed during the optimization process.
    Found finite state machine <FSM_0> for signal <State>.
    -----------------------------------------------------------------------
    | States             | 7                                              |
    | Transitions        | 8                                              |
    | Inputs             | 1                                              |
    | Outputs            | 8                                              |
    | Clock              | Clk_slow                  (rising_edge)        |
    | Reset              | Reload                    (negative)           |
    | Reset type         | asynchronous                                   |
    | Reset State        | s_init1                                        |
    | Power Up State     | s_init1                                        |
    | Encoding           | automatic                                      |
    | Implementation     | LUT                                            |
    -----------------------------------------------------------------------
    Found 16-bit tristate buffer for signal <Flash_data>.
    Found 1-bit register for signal <Flash_we>.
    Found 16-bit register for signal <Flash_addr<16:1>>.
    Found 1-bit register for signal <Op>.
    Found 16-bit register for signal <Data_to_RAM2>.
    Found 16-bit register for signal <Addr_to_RAM2>.
    Found 1-bit register for signal <Flash_oe>.
    Found 16-bit up counter for signal <Addr>.
    Found 1-bit register for signal <Clk_slow>.
    Found 8-bit up counter for signal <Cnt>.
    Found 16-bit register for signal <Mtridata_Flash_data> created at line 88.
    Found 1-bit register for signal <Mtrien_Flash_data> created at line 88.
    Summary:
	inferred   1 Finite State Machine(s).
	inferred   2 Counter(s).
	inferred  69 D-type flip-flop(s).
	inferred  16 Tristate(s).
Unit <BOOTER> synthesized.


Synthesizing Unit <SEVEN_SEG_DISPLAY>.
    Related source file is "C:/COA/cpu301/ssd.vhd".
    Found 16x7-bit ROM for signal <Output_h>.
    Found 16x7-bit ROM for signal <Output_l>.
    Summary:
	inferred   2 ROM(s).
Unit <SEVEN_SEG_DISPLAY> synthesized.


Synthesizing Unit <CLK_BASE_GEN>.
    Related source file is "C:/COA/cpu301/clkbase.vhd".
WARNING:Xst:1780 - Signal <Cnt> is never used or assigned. This unconnected signal will be trimmed during the optimization process.
Unit <CLK_BASE_GEN> synthesized.


Synthesizing Unit <CLK_GEN>.
    Related source file is "C:/COA/cpu301/clkgen.vhd".
    Found 1-bit register for signal <Clk_s>.
    Found 1-bit register for signal <Clk_x2_s>.
    Found 1-bit register for signal <Cnt<0>>.
    Summary:
	inferred   3 D-type flip-flop(s).
Unit <CLK_GEN> synthesized.


Synthesizing Unit <WB_MUX>.
    Related source file is "C:/COA/cpu301/wbmux.vhd".
Unit <WB_MUX> synthesized.


Synthesizing Unit <PC_REG>.
    Related source file is "C:/COA/cpu301/pcreg.vhd".
    Found 16-bit register for signal <PC>.
    Summary:
	inferred  16 D-type flip-flop(s).
Unit <PC_REG> synthesized.


Synthesizing Unit <INST_FETCHER>.
    Related source file is "C:/COA/cpu301/ifetcher.vhd".
WARNING:Xst:647 - Input <Clk> is never used. This port will be preserved and left unconnected if it belongs to a top-level block or it belongs to a sub-block and the hierarchy of this sub-block is preserved.
WARNING:Xst:646 - Signal <Inst_reg> is assigned but never used. This unconnected signal will be trimmed during the optimization process.
WARNING:Xst:736 - Found 16-bit latch for signal <Mtridata_RAM2_data> created at line 78. Latches may be generated from incomplete case or if statements. We do not recommend the use of latches in FPGA/CPLD designs, as they may lead to timing problems.
WARNING:Xst:736 - Found 1-bit latch for signal <Mtrien_RAM2_data> created at line 78. Latches may be generated from incomplete case or if statements. We do not recommend the use of latches in FPGA/CPLD designs, as they may lead to timing problems.
INFO:Xst:2371 - HDL ADVISOR - Logic functions respectively driving the data and gate enable inputs of this latch share common terms. This situation will potentially lead to setup/hold violations and, as a result, to simulation problems. This situation may come from an incomplete case statement (all selector values are not covered). You should carefully review if it was in your intentions to describe such a latch.
    Found 16-bit tristate buffer for signal <RAM2_data>.
    Found 1-bit register for signal <Step>.
    Summary:
	inferred   1 D-type flip-flop(s).
	inferred  16 Tristate(s).
Unit <INST_FETCHER> synthesized.


Synthesizing Unit <IF_ID_REGS>.
    Related source file is "C:/COA/cpu301/ifidregs.vhd".
    Found 16-bit register for signal <Inst>.
    Found 16-bit register for signal <NPC>.
    Summary:
	inferred  32 D-type flip-flop(s).
Unit <IF_ID_REGS> synthesized.


Synthesizing Unit <PC_INC>.
    Related source file is "C:/COA/cpu301/pcinc.vhd".
    Found 16-bit adder for signal <PC_next>.
    Summary:
	inferred   1 Adder/Subtractor(s).
Unit <PC_INC> synthesized.


Synthesizing Unit <PC_MUX>.
    Related source file is "C:/COA/cpu301/pcmux.vhd".
Unit <PC_MUX> synthesized.


Synthesizing Unit <DECODER>.
    Related source file is "C:/COA/cpu301/decoder.vhd".
Unit <DECODER> synthesized.


Synthesizing Unit <REG_HEAP>.
    Related source file is "C:/COA/cpu301/regheap.vhd".
    Found 16-bit 16-to-1 multiplexer for signal <$varindex0000> created at line 75.
    Found 16-bit 16-to-1 multiplexer for signal <$varindex0001> created at line 87.
    Found 256-bit register for signal <Reg>.
    Found 4-bit comparator equal for signal <Rx_q$cmp_eq0003> created at line 71.
    Found 4-bit comparator equal for signal <Ry_q$cmp_eq0003> created at line 83.
INFO:Xst:738 - HDL ADVISOR - 256 flip-flops were inferred for signal <Reg>. You may be trying to describe a RAM in a way that is incompatible with block and distributed RAM resources available on Xilinx devices, or with a specific template that is not supported. Please review the Xilinx resources documentation and the XST user manual for coding guidelines. Taking advantage of RAM resources will lead to improved device usage and reduced synthesis time.
    Summary:
	inferred 256 D-type flip-flop(s).
	inferred   2 Comparator(s).
	inferred  32 Multiplexer(s).
Unit <REG_HEAP> synthesized.


Synthesizing Unit <ID_EXE_REGS>.
    Related source file is "C:/COA/cpu301/idexeregs.vhd".
    Found 4-bit register for signal <ALU_op>.
    Found 4-bit register for signal <ALU_src_a>.
    Found 4-bit register for signal <ALU_src_b>.
    Found 16-bit register for signal <Immediate>.
    Found 2-bit register for signal <Mem_op>.
    Found 4-bit register for signal <Reg_des>.
    Found 4-bit register for signal <Reg_src_b>.
    Found 16-bit register for signal <Rx>.
    Found 16-bit register for signal <Ry>.
    Summary:
	inferred  70 D-type flip-flop(s).
Unit <ID_EXE_REGS> synthesized.


Synthesizing Unit <BRANCH_CALC>.
    Related source file is "C:/COA/cpu301/branchcalc.vhd".
    Found 16-bit adder for signal <Branch_PC$addsub0000>.
    Found 4-bit comparator equal for signal <R_data$cmp_eq0001> created at line 60.
    Found 4-bit comparator equal for signal <R_data$cmp_eq0002> created at line 63.
    Found 4-bit comparator equal for signal <R_data$cmp_eq0004> created at line 70.
    Summary:
	inferred   1 Adder/Subtractor(s).
	inferred   3 Comparator(s).
Unit <BRANCH_CALC> synthesized.


Synthesizing Unit <HAZARD>.
    Related source file is "C:/COA/cpu301/HAZARD.vhd".
    Found 4-bit comparator equal for signal <bubble$cmp_eq0001> created at line 46.
    Found 4-bit comparator equal for signal <bubble$cmp_eq0002> created at line 46.
    Summary:
	inferred   2 Comparator(s).
Unit <HAZARD> synthesized.


Synthesizing Unit <srcA_mux>.
    Related source file is "C:/COA/cpu301/srcA_mux.vhd".
    Found 4-bit comparator equal for signal <srcA$cmp_eq0001> created at line 48.
    Found 4-bit comparator equal for signal <srcA$cmp_eq0002> created at line 50.
    Summary:
	inferred   2 Comparator(s).
Unit <srcA_mux> synthesized.


Synthesizing Unit <srcB_mux>.
    Related source file is "C:/COA/cpu301/srcB_mux.vhd".
    Found 4-bit comparator equal for signal <srcB$cmp_eq0002> created at line 51.
    Found 4-bit comparator equal for signal <srcB$cmp_eq0003> created at line 53.
    Summary:
	inferred   2 Comparator(s).
Unit <srcB_mux> synthesized.


Synthesizing Unit <R2_mux>.
    Related source file is "C:/COA/cpu301/r2mux.vhd".
    Found 4-bit comparator equal for signal <R2_data$cmp_eq0001> created at line 48.
    Found 4-bit comparator equal for signal <R2_data$cmp_eq0002> created at line 50.
    Summary:
	inferred   2 Comparator(s).
Unit <R2_mux> synthesized.


Synthesizing Unit <ALU>.
    Related source file is "C:/COA/cpu301/ALU.vhd".
    Found 16-bit addsub for signal <result$addsub0000>.
    Found 16-bit shifter logical left for signal <result$shift0002> created at line 61.
    Found 16-bit shifter arithmetic right for signal <result$shift0003> created at line 69.
    Found 16-bit xor2 for signal <result$xor0000> created at line 50.
    Summary:
	inferred   1 Adder/Subtractor(s).
	inferred   2 Combinational logic shifter(s).
Unit <ALU> synthesized.


Synthesizing Unit <EXE_MEM_REGS>.
    Related source file is "C:/COA/cpu301/exememregs.vhd".
    Found 16-bit register for signal <ALU_out>.
    Found 16-bit register for signal <Mem_data>.
    Found 2-bit register for signal <Mem_op>.
    Found 4-bit register for signal <Reg_des>.
    Summary:
	inferred  38 D-type flip-flop(s).
Unit <EXE_MEM_REGS> synthesized.


Synthesizing Unit <MEMORY>.
    Related source file is "C:/COA/cpu301/memory.vhd".
WARNING:Xst:737 - Found 16-bit latch for signal <Addr_to_RAM2>. Latches may be generated from incomplete case or if statements. We do not recommend the use of latches in FPGA/CPLD designs, as they may lead to timing problems.
WARNING:Xst:737 - Found 16-bit latch for signal <Data_to_RAM2>. Latches may be generated from incomplete case or if statements. We do not recommend the use of latches in FPGA/CPLD designs, as they may lead to timing problems.
WARNING:Xst:736 - Found 1-bit latch for signal <Mtrien_RAM1_data> created at line 123. Latches may be generated from incomplete case or if statements. We do not recommend the use of latches in FPGA/CPLD designs, as they may lead to timing problems.
INFO:Xst:2371 - HDL ADVISOR - Logic functions respectively driving the data and gate enable inputs of this latch share common terms. This situation will potentially lead to setup/hold violations and, as a result, to simulation problems. This situation may come from an incomplete case statement (all selector values are not covered). You should carefully review if it was in your intentions to describe such a latch.
WARNING:Xst:736 - Found 16-bit latch for signal <Mtridata_RAM1_data> created at line 123. Latches may be generated from incomplete case or if statements. We do not recommend the use of latches in FPGA/CPLD designs, as they may lead to timing problems.
INFO:Xst:2371 - HDL ADVISOR - Logic functions respectively driving the data and gate enable inputs of this latch share common terms. This situation will potentially lead to setup/hold violations and, as a result, to simulation problems. This situation may come from an incomplete case statement (all selector values are not covered). You should carefully review if it was in your intentions to describe such a latch.
    Found 16-bit tristate buffer for signal <RAM1_data>.
    Found 1-bit register for signal <Freeze_reg>.
    Found 1-bit register for signal <step>.
    Summary:
	inferred   2 D-type flip-flop(s).
	inferred  16 Tristate(s).
Unit <MEMORY> synthesized.


Synthesizing Unit <MEM_WB_REGS>.
    Related source file is "C:/COA/cpu301/memwbregs.vhd".
    Found 16-bit register for signal <ALU_out>.
    Found 2-bit register for signal <Mem_op>.
    Found 16-bit register for signal <Mem_out>.
    Found 4-bit register for signal <Reg_des>.
    Summary:
	inferred  38 D-type flip-flop(s).
Unit <MEM_WB_REGS> synthesized.


Synthesizing Unit <STAGE_IF>.
    Related source file is "C:/COA/cpu301/stageif.vhd".
WARNING:Xst:647 - Input <Clk_x2> is never used. This port will be preserved and left unconnected if it belongs to a top-level block or it belongs to a sub-block and the hierarchy of this sub-block is preserved.
Unit <STAGE_IF> synthesized.


Synthesizing Unit <STAGE_ID>.
    Related source file is "C:/COA/cpu301/stageid.vhd".
WARNING:Xst:646 - Signal <T> is assigned but never used. This unconnected signal will be trimmed during the optimization process.
Unit <STAGE_ID> synthesized.


Synthesizing Unit <STAGE_EXE>.
    Related source file is "C:/COA/cpu301/stageexe.vhd".
Unit <STAGE_EXE> synthesized.


Synthesizing Unit <STAGE_MEM>.
    Related source file is "C:/COA/cpu301/stagemem.vhd".
WARNING:Xst:647 - Input <Clk_x4> is never used. This port will be preserved and left unconnected if it belongs to a top-level block or it belongs to a sub-block and the hierarchy of this sub-block is preserved.
Unit <STAGE_MEM> synthesized.


Synthesizing Unit <CPU_TOP>.
    Related source file is "C:/COA/cpu301/cputop.vhd".
Unit <CPU_TOP> synthesized.

INFO:Xst:1767 - HDL ADVISOR - Resource sharing has identified that some arithmetic operations in this design can share the same physical resources for reduced device utilization. For improved clock frequency you may try to disable resource sharing.

=========================================================================
HDL Synthesis Report

Macro Statistics
# ROMs                                                 : 2
 16x7-bit ROM                                          : 2
# Adders/Subtractors                                   : 3
 16-bit adder                                          : 2
 16-bit addsub                                         : 1
# Counters                                             : 2
 16-bit up counter                                     : 1
 8-bit up counter                                      : 1
# Registers                                            : 64
 1-bit register                                        : 25
 16-bit register                                       : 29
 2-bit register                                        : 3
 4-bit register                                        : 7
# Latches                                              : 6
 1-bit latch                                           : 2
 16-bit latch                                          : 4
# Comparators                                          : 13
 4-bit comparator equal                                : 13
# Multiplexers                                         : 2
 16-bit 16-to-1 multiplexer                            : 2
# Logic shifters                                       : 2
 16-bit shifter arithmetic right                       : 1
 16-bit shifter logical left                           : 1
# Tristates                                            : 3
 16-bit tristate buffer                                : 3
# Xors                                                 : 1
 16-bit xor2                                           : 1

=========================================================================

=========================================================================
*                       Advanced HDL Synthesis                          *
=========================================================================

Analyzing FSM <FSM_0> for best encoding.
Optimizing FSM <Inst_BOOTER/State/FSM> on signal <State[1:7]> with one-hot encoding.
---------------------
 State   | Encoding
---------------------
 s_init1 | 0000001
 s_init2 | 0000010
 s_load  | 0010000
 s_init3 | 0000100
 s_init4 | 0001000
 s_write | 0100000
 s_over  | 1000000
---------------------
INFO:Xst:2261 - The FF/Latch <Mtridata_Flash_data_0> in Unit <Inst_BOOTER> is equivalent to the following 7 FFs/Latches, which will be removed : <Mtridata_Flash_data_1> <Mtridata_Flash_data_2> <Mtridata_Flash_data_3> <Mtridata_Flash_data_4> <Mtridata_Flash_data_5> <Mtridata_Flash_data_6> <Mtridata_Flash_data_7> 
WARNING:Xst:638 - in unit Inst_BOOTER Conflict on KEEP property on signal Mtridata_Flash_data<0> and Mtridata_Flash_data<1> Mtridata_Flash_data<1> signal will be lost.
WARNING:Xst:638 - in unit Inst_BOOTER Conflict on KEEP property on signal Mtridata_Flash_data<0> and Mtridata_Flash_data<2> Mtridata_Flash_data<2> signal will be lost.
WARNING:Xst:638 - in unit Inst_BOOTER Conflict on KEEP property on signal Mtridata_Flash_data<0> and Mtridata_Flash_data<3> Mtridata_Flash_data<3> signal will be lost.
WARNING:Xst:638 - in unit Inst_BOOTER Conflict on KEEP property on signal Mtridata_Flash_data<0> and Mtridata_Flash_data<4> Mtridata_Flash_data<4> signal will be lost.
WARNING:Xst:638 - in unit Inst_BOOTER Conflict on KEEP property on signal Mtridata_Flash_data<0> and Mtridata_Flash_data<5> Mtridata_Flash_data<5> signal will be lost.
WARNING:Xst:638 - in unit Inst_BOOTER Conflict on KEEP property on signal Mtridata_Flash_data<0> and Mtridata_Flash_data<6> Mtridata_Flash_data<6> signal will be lost.
WARNING:Xst:638 - in unit Inst_BOOTER Conflict on KEEP property on signal Mtridata_Flash_data<0> and Mtridata_Flash_data<7> Mtridata_Flash_data<7> signal will be lost.
INFO:Xst:2261 - The FF/Latch <Mtridata_Flash_data_8> in Unit <Inst_BOOTER> is equivalent to the following 7 FFs/Latches, which will be removed : <Mtridata_Flash_data_9> <Mtridata_Flash_data_10> <Mtridata_Flash_data_11> <Mtridata_Flash_data_12> <Mtridata_Flash_data_13> <Mtridata_Flash_data_14> <Mtridata_Flash_data_15> 
WARNING:Xst:638 - in unit Inst_BOOTER Conflict on KEEP property on signal Mtridata_Flash_data<8> and Mtridata_Flash_data<9> Mtridata_Flash_data<9> signal will be lost.
WARNING:Xst:638 - in unit Inst_BOOTER Conflict on KEEP property on signal Mtridata_Flash_data<8> and Mtridata_Flash_data<10> Mtridata_Flash_data<10> signal will be lost.
WARNING:Xst:638 - in unit Inst_BOOTER Conflict on KEEP property on signal Mtridata_Flash_data<10> and Mtridata_Flash_data<11> Mtridata_Flash_data<11> signal will be lost.
WARNING:Xst:638 - in unit Inst_BOOTER Conflict on KEEP property on signal Mtridata_Flash_data<10> and Mtridata_Flash_data<12> Mtridata_Flash_data<12> signal will be lost.
WARNING:Xst:638 - in unit Inst_BOOTER Conflict on KEEP property on signal Mtridata_Flash_data<10> and Mtridata_Flash_data<13> Mtridata_Flash_data<13> signal will be lost.
WARNING:Xst:638 - in unit Inst_BOOTER Conflict on KEEP property on signal Mtridata_Flash_data<10> and Mtridata_Flash_data<14> Mtridata_Flash_data<14> signal will be lost.
WARNING:Xst:638 - in unit Inst_BOOTER Conflict on KEEP property on signal Mtridata_Flash_data<10> and Mtridata_Flash_data<15> Mtridata_Flash_data<15> signal will be lost.
WARNING:Xst:1710 - FF/Latch <Mtridata_Flash_data_0> (without init value) has a constant value of 1 in block <Inst_BOOTER>. This FF/Latch will be trimmed during the optimization process.
WARNING:Xst:1710 - FF/Latch <Mtridata_Flash_data_8> (without init value) has a constant value of 0 in block <Inst_BOOTER>. This FF/Latch will be trimmed during the optimization process.
WARNING:Xst:2404 -  FFs/Latches <Mtridata_Flash_data<15:8>> (without init value) have a constant value of 0 in block <BOOTER>.

=========================================================================
Advanced HDL Synthesis Report

Macro Statistics
# FSMs                                                 : 1
# ROMs                                                 : 2
 16x7-bit ROM                                          : 2
# Adders/Subtractors                                   : 3
 16-bit adder                                          : 2
 16-bit addsub                                         : 1
# Counters                                             : 2
 16-bit up counter                                     : 1
 8-bit up counter                                      : 1
# Registers                                            : 515
 Flip-Flops                                            : 515
# Latches                                              : 6
 1-bit latch                                           : 2
 16-bit latch                                          : 4
# Comparators                                          : 13
 4-bit comparator equal                                : 13
# Multiplexers                                         : 32
 1-bit 16-to-1 multiplexer                             : 32
# Logic shifters                                       : 2
 16-bit shifter arithmetic right                       : 1
 16-bit shifter logical left                           : 1
# Xors                                                 : 1
 16-bit xor2                                           : 1

=========================================================================

=========================================================================
*                         Low Level Synthesis                           *
=========================================================================
WARNING:Xst:1710 - FF/Latch <Mtridata_Flash_data_0> (without init value) has a constant value of 1 in block <BOOTER>. This FF/Latch will be trimmed during the optimization process.
WARNING:Xst:1710 - FF/Latch <Mtridata_Flash_data_1> (without init value) has a constant value of 1 in block <BOOTER>. This FF/Latch will be trimmed during the optimization process.
WARNING:Xst:1710 - FF/Latch <Mtridata_Flash_data_2> (without init value) has a constant value of 1 in block <BOOTER>. This FF/Latch will be trimmed during the optimization process.
WARNING:Xst:1710 - FF/Latch <Mtridata_Flash_data_3> (without init value) has a constant value of 1 in block <BOOTER>. This FF/Latch will be trimmed during the optimization process.
WARNING:Xst:1710 - FF/Latch <Mtridata_Flash_data_4> (without init value) has a constant value of 1 in block <BOOTER>. This FF/Latch will be trimmed during the optimization process.
WARNING:Xst:1710 - FF/Latch <Mtridata_Flash_data_5> (without init value) has a constant value of 1 in block <BOOTER>. This FF/Latch will be trimmed during the optimization process.
WARNING:Xst:1710 - FF/Latch <Mtridata_Flash_data_6> (without init value) has a constant value of 1 in block <BOOTER>. This FF/Latch will be trimmed during the optimization process.
WARNING:Xst:1710 - FF/Latch <Mtridata_Flash_data_7> (without init value) has a constant value of 1 in block <BOOTER>. This FF/Latch will be trimmed during the optimization process.
WARNING:Xst:638 - in unit BOOTER Conflict on KEEP property on signal Mtridata_Flash_data<0> and Mtridata_Flash_data<1> Mtridata_Flash_data<1> signal will be lost.
WARNING:Xst:638 - in unit BOOTER Conflict on KEEP property on signal Mtridata_Flash_data<0> and Mtridata_Flash_data<2> Mtridata_Flash_data<2> signal will be lost.
WARNING:Xst:638 - in unit BOOTER Conflict on KEEP property on signal Mtridata_Flash_data<0> and Mtridata_Flash_data<3> Mtridata_Flash_data<3> signal will be lost.
WARNING:Xst:638 - in unit BOOTER Conflict on KEEP property on signal Mtridata_Flash_data<0> and Mtridata_Flash_data<4> Mtridata_Flash_data<4> signal will be lost.
WARNING:Xst:638 - in unit BOOTER Conflict on KEEP property on signal Mtridata_Flash_data<0> and Mtridata_Flash_data<5> Mtridata_Flash_data<5> signal will be lost.
WARNING:Xst:638 - in unit BOOTER Conflict on KEEP property on signal Mtridata_Flash_data<0> and Mtridata_Flash_data<6> Mtridata_Flash_data<6> signal will be lost.
WARNING:Xst:638 - in unit BOOTER Conflict on KEEP property on signal Mtridata_Flash_data<0> and Mtridata_Flash_data<7> Mtridata_Flash_data<7> signal will be lost.
WARNING:Xst:2170 - Unit ALU : the following signal(s) form a combinatorial loop: result_shift0001<15>.

Optimizing unit <CPU_TOP> ...

Optimizing unit <DECODER> ...

Optimizing unit <PC_REG> ...

Optimizing unit <IF_ID_REGS> ...

Optimizing unit <REG_HEAP> ...

Optimizing unit <ID_EXE_REGS> ...

Optimizing unit <BRANCH_CALC> ...

Optimizing unit <srcB_mux> ...

Optimizing unit <ALU> ...

Optimizing unit <EXE_MEM_REGS> ...

Optimizing unit <MEM_WB_REGS> ...

Mapping all equations...
Building and optimizing final netlist ...
INFO:Xst:2261 - The FF/Latch <Stage_ID_c/ID_exe_regs_c/Immediate_15> in Unit <CPU_TOP> is equivalent to the following 5 FFs/Latches, which will be removed : <Stage_ID_c/ID_exe_regs_c/Immediate_14> <Stage_ID_c/ID_exe_regs_c/Immediate_13> <Stage_ID_c/ID_exe_regs_c/Immediate_12> <Stage_ID_c/ID_exe_regs_c/Immediate_11> <Stage_ID_c/ID_exe_regs_c/Immediate_10> 
Found area constraint ratio of 100 (+ 5) on block CPU_TOP, actual ratio is 9.
FlipFlop Stage_IF_c/IF_ID_regs_c/Inst_0 has been replicated 1 time(s)
FlipFlop Stage_IF_c/IF_ID_regs_c/Inst_12 has been replicated 1 time(s)
FlipFlop Stage_IF_c/IF_ID_regs_c/Inst_13 has been replicated 1 time(s)
FlipFlop Stage_IF_c/IF_ID_regs_c/Inst_14 has been replicated 1 time(s)
FlipFlop Stage_IF_c/IF_ID_regs_c/Inst_15 has been replicated 1 time(s)
FlipFlop Stage_IF_c/IF_ID_regs_c/Inst_3 has been replicated 1 time(s)
Latch Stage_mem_c/Memory_c/Mtrien_RAM1_data has been replicated 15 time(s) to handle iob=true attribute.
Latch Stage_IF_c/Inst_fetcher_c/Mtrien_RAM2_data has been replicated 15 time(s) to handle iob=true attribute.

Final Macro Processing ...

=========================================================================
Final Register Report

Macro Statistics
# Registers                                            : 539
 Flip-Flops                                            : 539

=========================================================================

=========================================================================
*                           Partition Report                            *
=========================================================================

Partition Implementation Status
-------------------------------

  No Partitions were found in this design.

-------------------------------

=========================================================================
*                            Final Report                               *
=========================================================================
Final Results
RTL Top Level Output File Name     : CPU_TOP.ngr
Top Level Output File Name         : CPU_TOP
Output Format                      : NGC
Optimization Goal                  : Speed
Keep Hierarchy                     : No

Design Statistics
# IOs                              : 157

Cell Usage :
# BELS                             : 1840
#      GND                         : 1
#      INV                         : 10
#      LUT1                        : 37
#      LUT2                        : 102
#      LUT2_D                      : 6
#      LUT2_L                      : 4
#      LUT3                        : 415
#      LUT3_D                      : 14
#      LUT3_L                      : 8
#      LUT4                        : 637
#      LUT4_D                      : 61
#      LUT4_L                      : 87
#      MUXCY                       : 75
#      MUXF5                       : 214
#      MUXF6                       : 64
#      MUXF7                       : 32
#      VCC                         : 1
#      XORCY                       : 72
# FlipFlops/Latches                : 634
#      FDC                         : 17
#      FDCE                        : 468
#      FDE                         : 53
#      FDP                         : 1
#      LD                          : 79
#      LDCP_1                      : 16
# Clock Buffers                    : 3
#      BUFG                        : 3
# IO Buffers                       : 157
#      IBUF                        : 6
#      IOBUF                       : 48
#      OBUF                        : 103
=========================================================================

Device utilization summary:
---------------------------

Selected Device : 3s1200efg320-4 

 Number of Slices:                      774  out of   8672     8%  
 Number of Slice Flip Flops:            554  out of  17344     3%  
 Number of 4 input LUTs:               1381  out of  17344     7%  
 Number of IOs:                         157
 Number of bonded IOBs:                 157  out of    250    62%  
    IOB Flip Flops:                      80
 Number of GCLKs:                         3  out of     24    12%  

---------------------------
Partition Resource Summary:
---------------------------

  No Partitions were found in this design.

---------------------------


=========================================================================
TIMING REPORT

NOTE: THESE TIMING NUMBERS ARE ONLY A SYNTHESIS ESTIMATE.
      FOR ACCURATE TIMING INFORMATION PLEASE REFER TO THE TRACE REPORT
      GENERATED AFTER PLACE-and-ROUTE.

Clock Information:
------------------
---------------------------------------------------------------------------------------------------------+------------------------------------------------------+-------+
Clock Signal                                                                                             | Clock buffer(FF name)                                | Load  |
---------------------------------------------------------------------------------------------------------+------------------------------------------------------+-------+
Clk_base(Clk_base_gen_c/Tmp1:O)                                                                          | NONE(*)(Clk_gen_c/Clk_x2_s)                          | 3     |
Inst_BOOTER/Clk_slow1                                                                                    | BUFG                                                 | 75    |
Clk_gen_c/Clk_x2_s1                                                                                      | BUFG                                                 | 461   |
Stage_IF_c/Inst_fetcher_c/Mtrien_RAM2_data_not0001(Stage_IF_c/Inst_fetcher_c/Mtrien_RAM2_data_not00011:O)| NONE(*)(Stage_IF_c/Inst_fetcher_c/Mtrien_RAM2_data)  | 16    |
Rst                                                                                                      | IBUF+BUFG                                            | 31    |
Stage_mem_c/Memory_c/Mtrien_RAM1_data_not0001(Stage_mem_c/Memory_c/Mtrien_RAM1_data_not00011:O)          | NONE(*)(Stage_mem_c/Memory_c/Mtridata_RAM1_data_15)  | 32    |
N1                                                                                                       | NONE(Stage_IF_c/Inst_fetcher_c/Mtridata_RAM2_data_15)| 16    |
---------------------------------------------------------------------------------------------------------+------------------------------------------------------+-------+
(*) These 3 clock signal(s) are generated by combinatorial logic,
and XST is not able to identify which are the primary clock signals.
Please use the CLOCK_SIGNAL constraint to specify the clock signal(s) generated by combinatorial logic.
INFO:Xst:2169 - HDL ADVISOR - Some clock signals were not automatically buffered by XST with BUFG/BUFR resources. Please use the buffer_type constraint in order to insert these buffers to the clock signals to help prevent skew problems.

Asynchronous Control Signals Information:
----------------------------------------
---------------------------------------------------------------------------------------------------------------------+------------------------------------------------------+-------+
Control Signal                                                                                                       | Buffer(FF name)                                      | Load  |
---------------------------------------------------------------------------------------------------------------------+------------------------------------------------------+-------+
Clk_gen_c/Rst_inv(Stage_mem_c/Inst_MEM_WB_REGS/Rst_inv1_INV_0:O)                                                     | NONE(Clk_gen_c/Clk_x2_s)                             | 455   |
Inst_BOOTER/Reload_inv(Inst_BOOTER/Reload_inv1_INV_0:O)                                                              | NONE(Inst_BOOTER/Addr_0)                             | 31    |
Stage_IF_c/Inst_fetcher_c/Mtridata_RAM2_data_0__and0000(Stage_IF_c/Inst_fetcher_c/Mtridata_RAM2_data_0__and00001:O)  | NONE(Stage_IF_c/Inst_fetcher_c/Mtridata_RAM2_data_0) | 1     |
Stage_IF_c/Inst_fetcher_c/Mtridata_RAM2_data_0__and0001(Stage_IF_c/Inst_fetcher_c/Mtridata_RAM2_data_0__and00011:O)  | NONE(Stage_IF_c/Inst_fetcher_c/Mtridata_RAM2_data_0) | 1     |
Stage_IF_c/Inst_fetcher_c/Mtridata_RAM2_data_10__and0000(Stage_IF_c/Inst_fetcher_c/Mtridata_RAM2_data_10__and00001:O)| NONE(Stage_IF_c/Inst_fetcher_c/Mtridata_RAM2_data_10)| 1     |
Stage_IF_c/Inst_fetcher_c/Mtridata_RAM2_data_10__and0001(Stage_IF_c/Inst_fetcher_c/Mtridata_RAM2_data_10__and00011:O)| NONE(Stage_IF_c/Inst_fetcher_c/Mtridata_RAM2_data_10)| 1     |
Stage_IF_c/Inst_fetcher_c/Mtridata_RAM2_data_11__and0000(Stage_IF_c/Inst_fetcher_c/Mtridata_RAM2_data_11__and00001:O)| NONE(Stage_IF_c/Inst_fetcher_c/Mtridata_RAM2_data_11)| 1     |
Stage_IF_c/Inst_fetcher_c/Mtridata_RAM2_data_11__and0001(Stage_IF_c/Inst_fetcher_c/Mtridata_RAM2_data_11__and00011:O)| NONE(Stage_IF_c/Inst_fetcher_c/Mtridata_RAM2_data_11)| 1     |
Stage_IF_c/Inst_fetcher_c/Mtridata_RAM2_data_12__and0000(Stage_IF_c/Inst_fetcher_c/Mtridata_RAM2_data_12__and00001:O)| NONE(Stage_IF_c/Inst_fetcher_c/Mtridata_RAM2_data_12)| 1     |
Stage_IF_c/Inst_fetcher_c/Mtridata_RAM2_data_12__and0001(Stage_IF_c/Inst_fetcher_c/Mtridata_RAM2_data_12__and00011:O)| NONE(Stage_IF_c/Inst_fetcher_c/Mtridata_RAM2_data_12)| 1     |
Stage_IF_c/Inst_fetcher_c/Mtridata_RAM2_data_13__and0000(Stage_IF_c/Inst_fetcher_c/Mtridata_RAM2_data_13__and00001:O)| NONE(Stage_IF_c/Inst_fetcher_c/Mtridata_RAM2_data_13)| 1     |
Stage_IF_c/Inst_fetcher_c/Mtridata_RAM2_data_13__and0001(Stage_IF_c/Inst_fetcher_c/Mtridata_RAM2_data_13__and00011:O)| NONE(Stage_IF_c/Inst_fetcher_c/Mtridata_RAM2_data_13)| 1     |
Stage_IF_c/Inst_fetcher_c/Mtridata_RAM2_data_14__and0000(Stage_IF_c/Inst_fetcher_c/Mtridata_RAM2_data_14__and00001:O)| NONE(Stage_IF_c/Inst_fetcher_c/Mtridata_RAM2_data_14)| 1     |
Stage_IF_c/Inst_fetcher_c/Mtridata_RAM2_data_14__and0001(Stage_IF_c/Inst_fetcher_c/Mtridata_RAM2_data_14__and00011:O)| NONE(Stage_IF_c/Inst_fetcher_c/Mtridata_RAM2_data_14)| 1     |
Stage_IF_c/Inst_fetcher_c/Mtridata_RAM2_data_15__and0000(Stage_IF_c/Inst_fetcher_c/Mtridata_RAM2_data_15__and00001:O)| NONE(Stage_IF_c/Inst_fetcher_c/Mtridata_RAM2_data_15)| 1     |
Stage_IF_c/Inst_fetcher_c/Mtridata_RAM2_data_15__and0001(Stage_IF_c/Inst_fetcher_c/Mtridata_RAM2_data_15__and00011:O)| NONE(Stage_IF_c/Inst_fetcher_c/Mtridata_RAM2_data_15)| 1     |
Stage_IF_c/Inst_fetcher_c/Mtridata_RAM2_data_1__and0000(Stage_IF_c/Inst_fetcher_c/Mtridata_RAM2_data_1__and00001:O)  | NONE(Stage_IF_c/Inst_fetcher_c/Mtridata_RAM2_data_1) | 1     |
Stage_IF_c/Inst_fetcher_c/Mtridata_RAM2_data_1__and0001(Stage_IF_c/Inst_fetcher_c/Mtridata_RAM2_data_1__and00011:O)  | NONE(Stage_IF_c/Inst_fetcher_c/Mtridata_RAM2_data_1) | 1     |
Stage_IF_c/Inst_fetcher_c/Mtridata_RAM2_data_2__and0000(Stage_IF_c/Inst_fetcher_c/Mtridata_RAM2_data_2__and00001:O)  | NONE(Stage_IF_c/Inst_fetcher_c/Mtridata_RAM2_data_2) | 1     |
Stage_IF_c/Inst_fetcher_c/Mtridata_RAM2_data_2__and0001(Stage_IF_c/Inst_fetcher_c/Mtridata_RAM2_data_2__and00011:O)  | NONE(Stage_IF_c/Inst_fetcher_c/Mtridata_RAM2_data_2) | 1     |
Stage_IF_c/Inst_fetcher_c/Mtridata_RAM2_data_3__and0000(Stage_IF_c/Inst_fetcher_c/Mtridata_RAM2_data_3__and00001:O)  | NONE(Stage_IF_c/Inst_fetcher_c/Mtridata_RAM2_data_3) | 1     |
Stage_IF_c/Inst_fetcher_c/Mtridata_RAM2_data_3__and0001(Stage_IF_c/Inst_fetcher_c/Mtridata_RAM2_data_3__and00011:O)  | NONE(Stage_IF_c/Inst_fetcher_c/Mtridata_RAM2_data_3) | 1     |
Stage_IF_c/Inst_fetcher_c/Mtridata_RAM2_data_4__and0000(Stage_IF_c/Inst_fetcher_c/Mtridata_RAM2_data_4__and00001:O)  | NONE(Stage_IF_c/Inst_fetcher_c/Mtridata_RAM2_data_4) | 1     |
Stage_IF_c/Inst_fetcher_c/Mtridata_RAM2_data_4__and0001(Stage_IF_c/Inst_fetcher_c/Mtridata_RAM2_data_4__and00011:O)  | NONE(Stage_IF_c/Inst_fetcher_c/Mtridata_RAM2_data_4) | 1     |
Stage_IF_c/Inst_fetcher_c/Mtridata_RAM2_data_5__and0000(Stage_IF_c/Inst_fetcher_c/Mtridata_RAM2_data_5__and00001:O)  | NONE(Stage_IF_c/Inst_fetcher_c/Mtridata_RAM2_data_5) | 1     |
Stage_IF_c/Inst_fetcher_c/Mtridata_RAM2_data_5__and0001(Stage_IF_c/Inst_fetcher_c/Mtridata_RAM2_data_5__and00011:O)  | NONE(Stage_IF_c/Inst_fetcher_c/Mtridata_RAM2_data_5) | 1     |
Stage_IF_c/Inst_fetcher_c/Mtridata_RAM2_data_6__and0000(Stage_IF_c/Inst_fetcher_c/Mtridata_RAM2_data_6__and00001:O)  | NONE(Stage_IF_c/Inst_fetcher_c/Mtridata_RAM2_data_6) | 1     |
Stage_IF_c/Inst_fetcher_c/Mtridata_RAM2_data_6__and0001(Stage_IF_c/Inst_fetcher_c/Mtridata_RAM2_data_6__and00011:O)  | NONE(Stage_IF_c/Inst_fetcher_c/Mtridata_RAM2_data_6) | 1     |
Stage_IF_c/Inst_fetcher_c/Mtridata_RAM2_data_7__and0000(Stage_IF_c/Inst_fetcher_c/Mtridata_RAM2_data_7__and00001:O)  | NONE(Stage_IF_c/Inst_fetcher_c/Mtridata_RAM2_data_7) | 1     |
Stage_IF_c/Inst_fetcher_c/Mtridata_RAM2_data_7__and0001(Stage_IF_c/Inst_fetcher_c/Mtridata_RAM2_data_7__and00011:O)  | NONE(Stage_IF_c/Inst_fetcher_c/Mtridata_RAM2_data_7) | 1     |
Stage_IF_c/Inst_fetcher_c/Mtridata_RAM2_data_8__and0000(Stage_IF_c/Inst_fetcher_c/Mtridata_RAM2_data_8__and00001:O)  | NONE(Stage_IF_c/Inst_fetcher_c/Mtridata_RAM2_data_8) | 1     |
Stage_IF_c/Inst_fetcher_c/Mtridata_RAM2_data_8__and0001(Stage_IF_c/Inst_fetcher_c/Mtridata_RAM2_data_8__and00011:O)  | NONE(Stage_IF_c/Inst_fetcher_c/Mtridata_RAM2_data_8) | 1     |
Stage_IF_c/Inst_fetcher_c/Mtridata_RAM2_data_9__and0000(Stage_IF_c/Inst_fetcher_c/Mtridata_RAM2_data_9__and00001:O)  | NONE(Stage_IF_c/Inst_fetcher_c/Mtridata_RAM2_data_9) | 1     |
Stage_IF_c/Inst_fetcher_c/Mtridata_RAM2_data_9__and0001(Stage_IF_c/Inst_fetcher_c/Mtridata_RAM2_data_9__and00011:O)  | NONE(Stage_IF_c/Inst_fetcher_c/Mtridata_RAM2_data_9) | 1     |
---------------------------------------------------------------------------------------------------------------------+------------------------------------------------------+-------+

Timing Summary:
---------------
Speed Grade: -4

   Minimum period: 19.349ns (Maximum Frequency: 51.682MHz)
   Minimum input arrival time before clock: 6.744ns
   Maximum output required time after clock: 17.467ns
   Maximum combinational path delay: 8.200ns

Timing Detail:
--------------
All values displayed in nanoseconds (ns)

=========================================================================
Timing constraint: Default period analysis for Clock 'Clk_base'
  Clock period: 2.692ns (frequency: 371.471MHz)
  Total number of paths / destination ports: 3 / 3
-------------------------------------------------------------------------
Delay:               2.692ns (Levels of Logic = 1)
  Source:            Stage_mem_c/Memory_c/step (FF)
  Destination:       Stage_mem_c/Memory_c/step (FF)
  Source Clock:      Clk_base rising
  Destination Clock: Clk_base rising

  Data Path: Stage_mem_c/Memory_c/step to Stage_mem_c/Memory_c/step
                                Gate     Net
    Cell:in->out      fanout   Delay   Delay  Logical Name (Net Name)
    ----------------------------------------  ------------
     FDC:C->Q              6   0.591   0.669  Stage_mem_c/Memory_c/step (Stage_mem_c/Memory_c/step)
     INV:I->O              1   0.704   0.420  Stage_mem_c/Memory_c/step_not00011_INV_0 (Stage_mem_c/Memory_c/step_not0001)
     FDC:D                     0.308          Stage_mem_c/Memory_c/step
    ----------------------------------------
    Total                      2.692ns (1.603ns logic, 1.089ns route)
                                       (59.5% logic, 40.5% route)

=========================================================================
Timing constraint: Default period analysis for Clock 'Inst_BOOTER/Clk_slow1'
  Clock period: 4.894ns (frequency: 204.332MHz)
  Total number of paths / destination ports: 314 / 108
-------------------------------------------------------------------------
Delay:               4.894ns (Levels of Logic = 3)
  Source:            Inst_BOOTER/Addr_7 (FF)
  Destination:       Inst_BOOTER/State_FSM_FFd7 (FF)
  Source Clock:      Inst_BOOTER/Clk_slow1 rising
  Destination Clock: Inst_BOOTER/Clk_slow1 rising

  Data Path: Inst_BOOTER/Addr_7 to Inst_BOOTER/State_FSM_FFd7
                                Gate     Net
    Cell:in->out      fanout   Delay   Delay  Logical Name (Net Name)
    ----------------------------------------  ------------
     FDCE:C->Q             4   0.591   0.762  Inst_BOOTER/Addr_7 (Inst_BOOTER/Addr_7)
     LUT4:I0->O            1   0.704   0.595  Inst_BOOTER/State_cmp_eq00004 (Inst_BOOTER/State_cmp_eq00004)
     LUT4:I0->O            2   0.704   0.526  Inst_BOOTER/State_cmp_eq000041 (Inst_BOOTER/State_cmp_eq0000)
     LUT2:I1->O            1   0.704   0.000  Inst_BOOTER/State_FSM_FFd7-In1 (Inst_BOOTER/State_FSM_FFd7-In)
     FDP:D                     0.308          Inst_BOOTER/State_FSM_FFd7
    ----------------------------------------
    Total                      4.894ns (3.011ns logic, 1.883ns route)
                                       (61.5% logic, 38.5% route)

=========================================================================
Timing constraint: Default period analysis for Clock 'Clk_gen_c/Clk_x2_s1'
  Clock period: 19.349ns (frequency: 51.682MHz)
  Total number of paths / destination ports: 1568390 / 892
-------------------------------------------------------------------------
Delay:               19.349ns (Levels of Logic = 21)
  Source:            Stage_IF_c/IF_ID_regs_c/Inst_11 (FF)
  Destination:       Stage_IF_c/PC_reg_c/PC_15 (FF)
  Source Clock:      Clk_gen_c/Clk_x2_s1 rising
  Destination Clock: Clk_gen_c/Clk_x2_s1 rising

  Data Path: Stage_IF_c/IF_ID_regs_c/Inst_11 to Stage_IF_c/PC_reg_c/PC_15
                                Gate     Net
    Cell:in->out      fanout   Delay   Delay  Logical Name (Net Name)
    ----------------------------------------  ------------
     FDCE:C->Q            19   0.591   1.120  Stage_IF_c/IF_ID_regs_c/Inst_11 (Stage_IF_c/IF_ID_regs_c/Inst_11)
     LUT3_D:I2->O         11   0.704   0.937  Stage_ID_c/Decoder_c/ALU_op<1>21 (Stage_ID_c/Decoder_c/N19)
     LUT4:I3->O            1   0.704   0.424  Stage_ID_c/Decoder_c/ALU_src_a<0>111_SW1 (N433)
     LUT4_D:I3->O          1   0.704   0.455  Stage_ID_c/Decoder_c/ALU_src_a<0>111 (Stage_ID_c/Decoder_c/N2)
     LUT4:I2->O            2   0.704   0.451  Stage_ID_c/Decoder_c/ALU_src_a<2>29_SW0_SW0 (N417)
     LUT4:I3->O           17   0.704   1.086  Stage_ID_c/Decoder_c/ALU_src_a<2>29_1 (Stage_ID_c/Decoder_c/ALU_src_a<2>29)
     LUT4:I2->O            2   0.704   0.451  Stage_ID_c/Branch_calc_c/R_data_cmp_eq0004456_SW0_SW0 (N419)
     LUT4:I3->O           12   0.704   0.961  Stage_ID_c/Branch_calc_c/R_data_cmp_eq0004456_1 (Stage_ID_c/Branch_calc_c/R_data_cmp_eq0004456)
     MUXF5:S->O            2   0.739   0.482  Stage_ID_c/Reg_heap_c/Rx_q<7>14 (Stage_ID_c/Rx_data<7>)
     LUT3:I2->O            1   0.704   0.000  Stage_ID_c/Branch_calc_c/R_data<7>116_F (N511)
     MUXF5:I0->O           2   0.321   0.526  Stage_ID_c/Branch_calc_c/R_data<7>116 (Stage_ID_c/Branch_calc_c/N8)
     LUT3:I1->O            1   0.704   0.000  Stage_ID_c/Branch_calc_c/PC_src_cmp_eq0003_wg_lut<0> (Stage_ID_c/Branch_calc_c/PC_src_cmp_eq0003_wg_lut<0>)
     MUXCY:S->O            1   0.464   0.000  Stage_ID_c/Branch_calc_c/PC_src_cmp_eq0003_wg_cy<0> (Stage_ID_c/Branch_calc_c/PC_src_cmp_eq0003_wg_cy<0>)
     MUXCY:CI->O           1   0.059   0.000  Stage_ID_c/Branch_calc_c/PC_src_cmp_eq0003_wg_cy<1> (Stage_ID_c/Branch_calc_c/PC_src_cmp_eq0003_wg_cy<1>)
     MUXCY:CI->O           1   0.059   0.000  Stage_ID_c/Branch_calc_c/PC_src_cmp_eq0003_wg_cy<2> (Stage_ID_c/Branch_calc_c/PC_src_cmp_eq0003_wg_cy<2>)
     MUXCY:CI->O           1   0.059   0.000  Stage_ID_c/Branch_calc_c/PC_src_cmp_eq0003_wg_cy<3> (Stage_ID_c/Branch_calc_c/PC_src_cmp_eq0003_wg_cy<3>)
     MUXCY:CI->O           1   0.059   0.000  Stage_ID_c/Branch_calc_c/PC_src_cmp_eq0003_wg_cy<4> (Stage_ID_c/Branch_calc_c/PC_src_cmp_eq0003_wg_cy<4>)
     MUXCY:CI->O           1   0.059   0.000  Stage_ID_c/Branch_calc_c/PC_src_cmp_eq0003_wg_cy<5> (Stage_ID_c/Branch_calc_c/PC_src_cmp_eq0003_wg_cy<5>)
     MUXCY:CI->O           1   0.059   0.000  Stage_ID_c/Branch_calc_c/PC_src_cmp_eq0003_wg_cy<6> (Stage_ID_c/Branch_calc_c/PC_src_cmp_eq0003_wg_cy<6>)
     MUXCY:CI->O           1   0.459   0.424  Stage_ID_c/Branch_calc_c/PC_src_cmp_eq0003_wg_cy<7> (Stage_ID_c/Branch_calc_c/PC_src_cmp_eq0003)
     LUT4_D:I3->O         15   0.704   1.052  Stage_ID_c/Branch_calc_c/PC_src1 (PC_src)
     LUT3:I2->O            1   0.704   0.000  Stage_IF_c/PC_mux_c/NPC<8>66 (Stage_IF_c/PC_d<8>)
     FDCE:D                    0.308          Stage_IF_c/PC_reg_c/PC_8
    ----------------------------------------
    Total                     19.349ns (10.980ns logic, 8.369ns route)
                                       (56.7% logic, 43.3% route)

=========================================================================
Timing constraint: Default OFFSET IN BEFORE for Clock 'Inst_BOOTER/Clk_slow1'
  Total number of paths / destination ports: 68 / 68
-------------------------------------------------------------------------
Offset:              5.116ns (Levels of Logic = 2)
  Source:            Reload (PAD)
  Destination:       Inst_BOOTER/Data_to_RAM2_15 (FF)
  Destination Clock: Inst_BOOTER/Clk_slow1 rising

  Data Path: Reload to Inst_BOOTER/Data_to_RAM2_15
                                Gate     Net
    Cell:in->out      fanout   Delay   Delay  Logical Name (Net Name)
    ----------------------------------------  ------------
     IBUF:I->O            23   1.218   1.377  Reload_IBUF (Reload_IBUF)
     LUT2:I0->O           32   0.704   1.262  Inst_BOOTER/Addr_to_RAM2_and00001 (Inst_BOOTER/Addr_to_RAM2_and0000)
     FDE:CE                    0.555          Inst_BOOTER/Addr_to_RAM2_0
    ----------------------------------------
    Total                      5.116ns (2.477ns logic, 2.639ns route)
                                       (48.4% logic, 51.6% route)

=========================================================================
Timing constraint: Default OFFSET IN BEFORE for Clock 'Clk_gen_c/Clk_x2_s1'
  Total number of paths / destination ports: 59 / 39
-------------------------------------------------------------------------
Offset:              5.658ns (Levels of Logic = 4)
  Source:            Reload (PAD)
  Destination:       Inst_BOOTER/Clk_slow (FF)
  Destination Clock: Clk_gen_c/Clk_x2_s1 rising

  Data Path: Reload to Inst_BOOTER/Clk_slow
                                Gate     Net
    Cell:in->out      fanout   Delay   Delay  Logical Name (Net Name)
    ----------------------------------------  ------------
     IBUF:I->O            23   1.218   1.202  Reload_IBUF (Reload_IBUF)
     MUXF5:S->O            1   0.739   0.499  Inst_BOOTER/Clk_slow_and000016_f5 (Inst_BOOTER/Clk_slow_and000016)
     LUT4:I1->O            1   0.704   0.000  Inst_BOOTER/Clk_slow_and0000321 (Inst_BOOTER/Clk_slow_and000032)
     MUXF5:I0->O           1   0.321   0.420  Inst_BOOTER/Clk_slow_and000032_f5 (Inst_BOOTER/Clk_slow_and0000)
     FDE:CE                    0.555          Inst_BOOTER/Clk_slow
    ----------------------------------------
    Total                      5.658ns (3.537ns logic, 2.121ns route)
                                       (62.5% logic, 37.5% route)

=========================================================================
Timing constraint: Default OFFSET IN BEFORE for Clock 'Stage_mem_c/Memory_c/Mtrien_RAM1_data_not0001'
  Total number of paths / destination ports: 32 / 32
-------------------------------------------------------------------------
Offset:              6.744ns (Levels of Logic = 4)
  Source:            Rst (PAD)
  Destination:       Stage_mem_c/Memory_c/Mtridata_RAM1_data_15 (LATCH)
  Destination Clock: Stage_mem_c/Memory_c/Mtrien_RAM1_data_not0001 falling

  Data Path: Rst to Stage_mem_c/Memory_c/Mtridata_RAM1_data_15
                                Gate     Net
    Cell:in->out      fanout   Delay   Delay  Logical Name (Net Name)
    ----------------------------------------  ------------
     IBUF:I->O            24   1.218   1.427  Rst_IBUF (Rst_IBUF1)
     LUT2:I0->O            3   0.704   0.566  Stage_mem_c/Memory_c/Mtridata_RAM1_data_mux0000<0>211 (N38)
     LUT4:I2->O           16   0.704   1.113  Stage_mem_c/Memory_c/Mtridata_RAM1_data_mux0000<0>22 (N5)
     LUT2:I1->O            1   0.704   0.000  Stage_mem_c/Memory_c/Mtridata_RAM1_data_mux0000<9>1 (Stage_mem_c/Memory_c/Mtridata_RAM1_data_mux0000<9>)
     LD:D                      0.308          Stage_mem_c/Memory_c/Mtridata_RAM1_data_9
    ----------------------------------------
    Total                      6.744ns (3.638ns logic, 3.106ns route)
                                       (53.9% logic, 46.1% route)

=========================================================================
Timing constraint: Default OFFSET OUT AFTER for Clock 'Clk_gen_c/Clk_x2_s1'
  Total number of paths / destination ports: 2747 / 41
-------------------------------------------------------------------------
Offset:              17.467ns (Levels of Logic = 10)
  Source:            Stage_IF_c/IF_ID_regs_c/Inst_11 (FF)
  Destination:       LED<12> (PAD)
  Source Clock:      Clk_gen_c/Clk_x2_s1 rising

  Data Path: Stage_IF_c/IF_ID_regs_c/Inst_11 to LED<12>
                                Gate     Net
    Cell:in->out      fanout   Delay   Delay  Logical Name (Net Name)
    ----------------------------------------  ------------
     FDCE:C->Q            19   0.591   1.120  Stage_IF_c/IF_ID_regs_c/Inst_11 (Stage_IF_c/IF_ID_regs_c/Inst_11)
     LUT3_D:I2->O         11   0.704   0.937  Stage_ID_c/Decoder_c/ALU_op<1>21 (Stage_ID_c/Decoder_c/N19)
     LUT4:I3->O            1   0.704   0.424  Stage_ID_c/Decoder_c/ALU_src_a<0>111_SW1 (N433)
     LUT4_D:I3->LO         1   0.704   0.104  Stage_ID_c/Decoder_c/ALU_src_a<0>111 (N777)
     LUT4:I3->O            1   0.704   0.455  Stage_ID_c/Decoder_c/ALU_src_a<0>21 (Stage_ID_c/Decoder_c/ALU_src_a<0>21)
     LUT4:I2->O          137   0.704   1.330  Stage_ID_c/Decoder_c/ALU_src_a<0>34 (Stage_ID_c/ALU_src_a<0>)
     LUT4:I2->O            1   0.704   0.424  Stage_ID_c/Branch_calc_c/R_data_cmp_eq0002456_SW0_SW0 (N415)
     LUT4:I3->O           18   0.704   1.103  Stage_ID_c/Branch_calc_c/R_data_cmp_eq0002456 (Stage_ID_c/Branch_calc_c/R_data_cmp_eq0002)
     LUT3_L:I2->LO         1   0.704   0.104  Stage_ID_c/Hazard_c/bubble_or00015 (Stage_ID_c/Hazard_c/bubble_or00015)
     LUT4:I3->O           47   0.704   1.267  Stage_ID_c/Hazard_c/bubble_or0001202 (LED_12_OBUF)
     OBUF:I->O                 3.272          LED_12_OBUF (LED<12>)
    ----------------------------------------
    Total                     17.467ns (10.199ns logic, 7.268ns route)
                                       (58.4% logic, 41.6% route)

=========================================================================
Timing constraint: Default OFFSET OUT AFTER for Clock 'Clk_base'
  Total number of paths / destination ports: 5 / 5
-------------------------------------------------------------------------
Offset:              7.034ns (Levels of Logic = 3)
  Source:            Stage_mem_c/Memory_c/step (FF)
  Destination:       RAM1_we (PAD)
  Source Clock:      Clk_base rising

  Data Path: Stage_mem_c/Memory_c/step to RAM1_we
                                Gate     Net
    Cell:in->out      fanout   Delay   Delay  Logical Name (Net Name)
    ----------------------------------------  ------------
     FDC:C->Q              6   0.591   0.748  Stage_mem_c/Memory_c/step (Stage_mem_c/Memory_c/step)
     LUT3:I1->O            1   0.704   0.595  Stage_mem_c/Memory_c/RAM1_we_SW0 (N4)
     LUT4:I0->O            1   0.704   0.420  Stage_mem_c/Memory_c/RAM1_we (RAM1_we_OBUF)
     OBUF:I->O                 3.272          RAM1_we_OBUF (RAM1_we)
    ----------------------------------------
    Total                      7.034ns (5.271ns logic, 1.763ns route)
                                       (74.9% logic, 25.1% route)

=========================================================================
Timing constraint: Default OFFSET OUT AFTER for Clock 'Inst_BOOTER/Clk_slow1'
  Total number of paths / destination ports: 167 / 77
-------------------------------------------------------------------------
Offset:              8.590ns (Levels of Logic = 3)
  Source:            Inst_BOOTER/State_FSM_FFd1 (FF)
  Destination:       RAM2_we (PAD)
  Source Clock:      Inst_BOOTER/Clk_slow1 rising

  Data Path: Inst_BOOTER/State_FSM_FFd1 to RAM2_we
                                Gate     Net
    Cell:in->out      fanout   Delay   Delay  Logical Name (Net Name)
    ----------------------------------------  ------------
     FDC:C->Q            106   0.591   1.461  Inst_BOOTER/State_FSM_FFd1 (Inst_BOOTER/State_FSM_FFd1)
     LUT4:I0->O           35   0.704   1.438  Stage_IF_c/Inst_fetcher_c/Mtridata_RAM2_data_and00001 (Stage_IF_c/Inst_fetcher_c/Mtridata_RAM2_data_and0000)
     LUT2:I0->O            1   0.704   0.420  Stage_IF_c/Inst_fetcher_c/RAM2_we1 (RAM2_we_OBUF)
     OBUF:I->O                 3.272          RAM2_we_OBUF (RAM2_we)
    ----------------------------------------
    Total                      8.590ns (5.271ns logic, 3.319ns route)
                                       (61.4% logic, 38.6% route)

=========================================================================
Timing constraint: Default OFFSET OUT AFTER for Clock 'Stage_mem_c/Memory_c/Mtrien_RAM1_data_not0001'
  Total number of paths / destination ports: 32 / 16
-------------------------------------------------------------------------
Offset:              4.368ns (Levels of Logic = 1)
  Source:            Stage_mem_c/Memory_c/Mtridata_RAM1_data_15 (LATCH)
  Destination:       RAM1_data<15> (PAD)
  Source Clock:      Stage_mem_c/Memory_c/Mtrien_RAM1_data_not0001 falling

  Data Path: Stage_mem_c/Memory_c/Mtridata_RAM1_data_15 to RAM1_data<15>
                                Gate     Net
    Cell:in->out      fanout   Delay   Delay  Logical Name (Net Name)
    ----------------------------------------  ------------
     LD:G->Q               1   0.676   0.420  Stage_mem_c/Memory_c/Mtridata_RAM1_data_15 (Stage_mem_c/Memory_c/Mtridata_RAM1_data<15>)
     IOBUF:I->IO               3.272          RAM1_data_15_IOBUF (RAM1_data<15>)
    ----------------------------------------
    Total                      4.368ns (3.948ns logic, 0.420ns route)
                                       (90.4% logic, 9.6% route)

=========================================================================
Timing constraint: Default OFFSET OUT AFTER for Clock 'N1'
  Total number of paths / destination ports: 16 / 16
-------------------------------------------------------------------------
Offset:              4.368ns (Levels of Logic = 1)
  Source:            Stage_IF_c/Inst_fetcher_c/Mtridata_RAM2_data_15 (LATCH)
  Destination:       RAM2_data<15> (PAD)
  Source Clock:      N1 rising

  Data Path: Stage_IF_c/Inst_fetcher_c/Mtridata_RAM2_data_15 to RAM2_data<15>
                                Gate     Net
    Cell:in->out      fanout   Delay   Delay  Logical Name (Net Name)
    ----------------------------------------  ------------
     LDCP_1:G->Q           1   0.676   0.420  Stage_IF_c/Inst_fetcher_c/Mtridata_RAM2_data_15 (Stage_IF_c/Inst_fetcher_c/Mtridata_RAM2_data<15>)
     IOBUF:I->IO               3.272          RAM2_data_15_IOBUF (RAM2_data<15>)
    ----------------------------------------
    Total                      4.368ns (3.948ns logic, 0.420ns route)
                                       (90.4% logic, 9.6% route)

=========================================================================
Timing constraint: Default OFFSET OUT AFTER for Clock 'Stage_IF_c/Inst_fetcher_c/Mtrien_RAM2_data_not0001'
  Total number of paths / destination ports: 16 / 16
-------------------------------------------------------------------------
Offset:              4.368ns (Levels of Logic = 1)
  Source:            Stage_IF_c/Inst_fetcher_c/Mtrien_RAM2_data_1 (LATCH)
  Destination:       RAM2_data<15> (PAD)
  Source Clock:      Stage_IF_c/Inst_fetcher_c/Mtrien_RAM2_data_not0001 falling

  Data Path: Stage_IF_c/Inst_fetcher_c/Mtrien_RAM2_data_1 to RAM2_data<15>
                                Gate     Net
    Cell:in->out      fanout   Delay   Delay  Logical Name (Net Name)
    ----------------------------------------  ------------
     LD:G->Q               1   0.676   0.420  Stage_IF_c/Inst_fetcher_c/Mtrien_RAM2_data_1 (Stage_IF_c/Inst_fetcher_c/Mtrien_RAM2_data_1)
     IOBUF:T->IO               3.272          RAM2_data_15_IOBUF (RAM2_data<15>)
    ----------------------------------------
    Total                      4.368ns (3.948ns logic, 0.420ns route)
                                       (90.4% logic, 9.6% route)

=========================================================================
Timing constraint: Default OFFSET OUT AFTER for Clock 'Rst'
  Total number of paths / destination ports: 15 / 15
-------------------------------------------------------------------------
Offset:              5.527ns (Levels of Logic = 2)
  Source:            Stage_mem_c/Memory_c/Addr_to_RAM2_14 (LATCH)
  Destination:       RAM2_addr<14> (PAD)
  Source Clock:      Rst falling

  Data Path: Stage_mem_c/Memory_c/Addr_to_RAM2_14 to RAM2_addr<14>
                                Gate     Net
    Cell:in->out      fanout   Delay   Delay  Logical Name (Net Name)
    ----------------------------------------  ------------
     LD:G->Q               1   0.676   0.420  Stage_mem_c/Memory_c/Addr_to_RAM2_14 (Stage_mem_c/Memory_c/Addr_to_RAM2_14)
     MUXF5:S->O            1   0.739   0.420  Stage_IF_c/Inst_fetcher_c/RAM2_addr_14_mux0000_f5 (RAM2_addr_14_OBUF)
     OBUF:I->O                 3.272          RAM2_addr_14_OBUF (RAM2_addr<14>)
    ----------------------------------------
    Total                      5.527ns (4.687ns logic, 0.840ns route)
                                       (84.8% logic, 15.2% route)

=========================================================================
Timing constraint: Default path analysis
  Total number of paths / destination ports: 23 / 22
-------------------------------------------------------------------------
Delay:               8.200ns (Levels of Logic = 4)
  Source:            Rst (PAD)
  Destination:       RAM1_we (PAD)

  Data Path: Rst to RAM1_we
                                Gate     Net
    Cell:in->out      fanout   Delay   Delay  Logical Name (Net Name)
    ----------------------------------------  ------------
     IBUF:I->O            24   1.218   1.287  Rst_IBUF (Rst_IBUF1)
     LUT3:I2->O            1   0.704   0.595  Stage_mem_c/Memory_c/RAM1_we_SW0 (N4)
     LUT4:I0->O            1   0.704   0.420  Stage_mem_c/Memory_c/RAM1_we (RAM1_we_OBUF)
     OBUF:I->O                 3.272          RAM1_we_OBUF (RAM1_we)
    ----------------------------------------
    Total                      8.200ns (5.898ns logic, 2.302ns route)
                                       (71.9% logic, 28.1% route)

=========================================================================


Total REAL time to Xst completion: 16.00 secs
Total CPU time to Xst completion: 16.56 secs
 
--> 

Total memory usage is 306328 kilobytes

Number of errors   :    0 (   0 filtered)
Number of warnings :   56 (   0 filtered)
Number of infos    :   15 (   0 filtered)

