Release 14.7 Map P.20131013 (nt64)
Xilinx Mapping Report File for Design 'CPU_TOP'

Design Information
------------------
Command Line   : map -intstyle ise -p xc3s1200e-fg320-4 -cm area -ir off -pr off
-c 100 -o CPU_TOP_map.ncd CPU_TOP.ngd CPU_TOP.pcf 
Target Device  : xc3s1200e
Target Package : fg320
Target Speed   : -4
Mapper Version : spartan3e -- $Revision: 1.55 $
Mapped Date    : Mon Dec 08 08:49:33 2014

Design Summary
--------------
Number of errors:      0
Number of warnings:    4
Logic Utilization:
  Total Number Slice Registers:         500 out of  17,344    2%
    Number used as Flip Flops:          453
    Number used as Latches:              47
  Number of 4 input LUTs:             1,303 out of  17,344    7%
Logic Distribution:
  Number of occupied Slices:            829 out of   8,672    9%
    Number of Slices containing only related logic:     829 out of     829 100%
    Number of Slices containing unrelated logic:          0 out of     829   0%
      *See NOTES below for an explanation of the effects of unrelated logic.
  Total Number of 4 input LUTs:       1,319 out of  17,344    7%
    Number used as logic:             1,303
    Number used as a route-thru:         16

  The Slice Logic Distribution report is not meaningful if the design is
  over-mapped for a non-slice resource or if Placement fails.

  Number of bonded IOBs:                111 out of     250   44%
    IOB Latches:                         48
  Number of BUFGMUXs:                     2 out of      24    8%

Average Fanout of Non-Clock Nets:                3.57

Peak Memory Usage:  282 MB
Total REAL time to MAP completion:  2 secs 
Total CPU time to MAP completion:   2 secs 

NOTES:

   Related logic is defined as being logic that shares connectivity - e.g. two
   LUTs are "related" if they share common inputs.  When assembling slices,
   Map gives priority to combine logic that is related.  Doing so results in
   the best timing performance.

   Unrelated logic shares no connectivity.  Map will only begin packing
   unrelated logic into a slice once 99% of the slices are occupied through
   related logic packing.

   Note that once logic distribution reaches the 99% level through related
   logic packing, this does not mean the device is completely utilized.
   Unrelated logic packing will then begin, continuing until all usable LUTs
   and FFs are occupied.  Depending on your timing budget, increased levels of
   unrelated logic packing may adversely affect the overall timing performance
   of your design.

Table of Contents
-----------------
Section 1 - Errors
Section 2 - Warnings
Section 3 - Informational
Section 4 - Removed Logic Summary
Section 5 - Removed Logic
Section 6 - IOB Properties
Section 7 - RPMs
Section 8 - Guide Report
Section 9 - Area Group and Partition Summary
Section 10 - Timing Report
Section 11 - Configuration String Information
Section 12 - Control Set Information
Section 13 - Utilization by Hierarchy

Section 1 - Errors
------------------

Section 2 - Warnings
--------------------
WARNING:PhysDesignRules:372 - Gated clock. Clock net
   Stage_mem_c/Memory_c/Mtrien_RAM1_data_not0001 is sourced by a combinatorial
   pin. This is not good design practice. Use the CE pin to control the loading
   of data into the flip-flop.
WARNING:PhysDesignRules:372 - Gated clock. Clock net
   Stage_IF_c/Inst_fetcher_c/Mtrien_RAM2_data_not0001 is sourced by a
   combinatorial pin. This is not good design practice. Use the CE pin to
   control the loading of data into the flip-flop.
WARNING:PhysDesignRules:372 - Gated clock. Clock net Clk_base is sourced by a
   combinatorial pin. This is not good design practice. Use the CE pin to
   control the loading of data into the flip-flop.
WARNING:PhysDesignRules:372 - Gated clock. Clock net
   Stage_ID_c/ID_exe_regs_c/Reg_src_b_not0001 is sourced by a combinatorial pin.
   This is not good design practice. Use the CE pin to control the loading of
   data into the flip-flop.

Section 3 - Informational
-------------------------
INFO:MapLib:562 - No environment variables are currently set.
INFO:LIT:244 - All of the single ended outputs in this design are using slew
   rate limited output drivers. The delay on speed critical single ended outputs
   can be dramatically reduced by designating them as fast outputs.

Section 4 - Removed Logic Summary
---------------------------------
   2 block(s) optimized away

Section 5 - Removed Logic
-------------------------

Optimized Block(s):
TYPE 		BLOCK
GND 		XST_GND
VCC 		XST_VCC

To enable printing of redundant blocks removed and signals merged, set the
detailed map report option and rerun map.

Section 6 - IOB Properties
--------------------------

+---------------------------------------------------------------------------------------------------------------------------------------------------------+
| IOB Name                           | Type             | Direction | IO Standard          | Diff  | Drive    | Slew | Reg (s)      | Resistor | IOB      |
|                                    |                  |           |                      | Term  | Strength | Rate |              |          | Delay    |
+---------------------------------------------------------------------------------------------------------------------------------------------------------+
| COM_data_ready                     | IBUF             | INPUT     | LVCMOS25             |       |          |      |              |          | 0 / 0    |
| COM_rdn                            | IOB              | OUTPUT    | LVCMOS25             |       | 12       | SLOW |              |          | 0 / 0    |
| COM_tbre                           | IBUF             | INPUT     | LVCMOS25             |       |          |      |              |          | 0 / 0    |
| COM_tsre                           | IBUF             | INPUT     | LVCMOS25             |       |          |      |              |          | 0 / 0    |
| COM_wrn                            | IOB              | OUTPUT    | LVCMOS25             |       | 12       | SLOW |              |          | 0 / 0    |
| Clk_in                             | IBUF             | INPUT     | LVCMOS25             |       |          |      |              |          | 0 / 0    |
| LED<0>                             | IOB              | OUTPUT    | LVCMOS25             |       | 12       | SLOW |              |          | 0 / 0    |
| LED<1>                             | IOB              | OUTPUT    | LVCMOS25             |       | 12       | SLOW |              |          | 0 / 0    |
| LED<2>                             | IOB              | OUTPUT    | LVCMOS25             |       | 12       | SLOW |              |          | 0 / 0    |
| LED<3>                             | IOB              | OUTPUT    | LVCMOS25             |       | 12       | SLOW |              |          | 0 / 0    |
| LED<4>                             | IOB              | OUTPUT    | LVCMOS25             |       | 12       | SLOW |              |          | 0 / 0    |
| LED<5>                             | IOB              | OUTPUT    | LVCMOS25             |       | 12       | SLOW |              |          | 0 / 0    |
| LED<6>                             | IOB              | OUTPUT    | LVCMOS25             |       | 12       | SLOW |              |          | 0 / 0    |
| LED<7>                             | IOB              | OUTPUT    | LVCMOS25             |       | 12       | SLOW |              |          | 0 / 0    |
| LED<8>                             | IOB              | OUTPUT    | LVCMOS25             |       | 12       | SLOW |              |          | 0 / 0    |
| LED<9>                             | IOB              | OUTPUT    | LVCMOS25             |       | 12       | SLOW |              |          | 0 / 0    |
| LED<10>                            | IOB              | OUTPUT    | LVCMOS25             |       | 12       | SLOW |              |          | 0 / 0    |
| LED<11>                            | IOB              | OUTPUT    | LVCMOS25             |       | 12       | SLOW |              |          | 0 / 0    |
| LED<12>                            | IOB              | OUTPUT    | LVCMOS25             |       | 12       | SLOW |              |          | 0 / 0    |
| LED<13>                            | IOB              | OUTPUT    | LVCMOS25             |       | 12       | SLOW |              |          | 0 / 0    |
| LED<14>                            | IOB              | OUTPUT    | LVCMOS25             |       | 12       | SLOW |              |          | 0 / 0    |
| LED<15>                            | IOB              | OUTPUT    | LVCMOS25             |       | 12       | SLOW |              |          | 0 / 0    |
| RAM1_addr<0>                       | IOB              | OUTPUT    | LVCMOS25             |       | 12       | SLOW |              |          | 0 / 0    |
| RAM1_addr<1>                       | IOB              | OUTPUT    | LVCMOS25             |       | 12       | SLOW |              |          | 0 / 0    |
| RAM1_addr<2>                       | IOB              | OUTPUT    | LVCMOS25             |       | 12       | SLOW |              |          | 0 / 0    |
| RAM1_addr<3>                       | IOB              | OUTPUT    | LVCMOS25             |       | 12       | SLOW |              |          | 0 / 0    |
| RAM1_addr<4>                       | IOB              | OUTPUT    | LVCMOS25             |       | 12       | SLOW |              |          | 0 / 0    |
| RAM1_addr<5>                       | IOB              | OUTPUT    | LVCMOS25             |       | 12       | SLOW |              |          | 0 / 0    |
| RAM1_addr<6>                       | IOB              | OUTPUT    | LVCMOS25             |       | 12       | SLOW |              |          | 0 / 0    |
| RAM1_addr<7>                       | IOB              | OUTPUT    | LVCMOS25             |       | 12       | SLOW |              |          | 0 / 0    |
| RAM1_addr<8>                       | IOB              | OUTPUT    | LVCMOS25             |       | 12       | SLOW |              |          | 0 / 0    |
| RAM1_addr<9>                       | IOB              | OUTPUT    | LVCMOS25             |       | 12       | SLOW |              |          | 0 / 0    |
| RAM1_addr<10>                      | IOB              | OUTPUT    | LVCMOS25             |       | 12       | SLOW |              |          | 0 / 0    |
| RAM1_addr<11>                      | IOB              | OUTPUT    | LVCMOS25             |       | 12       | SLOW |              |          | 0 / 0    |
| RAM1_addr<12>                      | IOB              | OUTPUT    | LVCMOS25             |       | 12       | SLOW |              |          | 0 / 0    |
| RAM1_addr<13>                      | IOB              | OUTPUT    | LVCMOS25             |       | 12       | SLOW |              |          | 0 / 0    |
| RAM1_addr<14>                      | IOB              | OUTPUT    | LVCMOS25             |       | 12       | SLOW |              |          | 0 / 0    |
| RAM1_addr<15>                      | IOB              | OUTPUT    | LVCMOS25             |       | 12       | SLOW |              |          | 0 / 0    |
| RAM1_addr<16>                      | IOB              | OUTPUT    | LVCMOS25             |       | 12       | SLOW |              |          | 0 / 0    |
| RAM1_addr<17>                      | IOB              | OUTPUT    | LVCMOS25             |       | 12       | SLOW |              |          | 0 / 0    |
| RAM1_data<0>                       | IOB              | BIDIR     | LVCMOS25             |       | 12       | SLOW | TFF1         |          | 0 / 0    |
| RAM1_data<1>                       | IOB              | BIDIR     | LVCMOS25             |       | 12       | SLOW | TFF1         |          | 0 / 0    |
| RAM1_data<2>                       | IOB              | BIDIR     | LVCMOS25             |       | 12       | SLOW | TFF1         |          | 0 / 0    |
| RAM1_data<3>                       | IOB              | BIDIR     | LVCMOS25             |       | 12       | SLOW | TFF1         |          | 0 / 0    |
| RAM1_data<4>                       | IOB              | BIDIR     | LVCMOS25             |       | 12       | SLOW | TFF1         |          | 0 / 0    |
| RAM1_data<5>                       | IOB              | BIDIR     | LVCMOS25             |       | 12       | SLOW | TFF1         |          | 0 / 0    |
| RAM1_data<6>                       | IOB              | BIDIR     | LVCMOS25             |       | 12       | SLOW | TFF1         |          | 0 / 0    |
| RAM1_data<7>                       | IOB              | BIDIR     | LVCMOS25             |       | 12       | SLOW | TFF1         |          | 0 / 0    |
| RAM1_data<8>                       | IOB              | BIDIR     | LVCMOS25             |       | 12       | SLOW | TFF1         |          | 0 / 0    |
| RAM1_data<9>                       | IOB              | BIDIR     | LVCMOS25             |       | 12       | SLOW | TFF1         |          | 0 / 0    |
| RAM1_data<10>                      | IOB              | BIDIR     | LVCMOS25             |       | 12       | SLOW | TFF1         |          | 0 / 0    |
| RAM1_data<11>                      | IOB              | BIDIR     | LVCMOS25             |       | 12       | SLOW | TFF1         |          | 0 / 0    |
| RAM1_data<12>                      | IOB              | BIDIR     | LVCMOS25             |       | 12       | SLOW | TFF1         |          | 0 / 0    |
| RAM1_data<13>                      | IOB              | BIDIR     | LVCMOS25             |       | 12       | SLOW | TFF1         |          | 0 / 0    |
| RAM1_data<14>                      | IOB              | BIDIR     | LVCMOS25             |       | 12       | SLOW | TFF1         |          | 0 / 0    |
| RAM1_data<15>                      | IOB              | BIDIR     | LVCMOS25             |       | 12       | SLOW | TFF1         |          | 0 / 0    |
| RAM1_en                            | IOB              | OUTPUT    | LVCMOS25             |       | 12       | SLOW |              |          | 0 / 0    |
| RAM1_oe                            | IOB              | OUTPUT    | LVCMOS25             |       | 12       | SLOW |              |          | 0 / 0    |
| RAM1_we                            | IOB              | OUTPUT    | LVCMOS25             |       | 12       | SLOW |              |          | 0 / 0    |
| RAM2_addr<0>                       | IOB              | OUTPUT    | LVCMOS25             |       | 12       | SLOW |              |          | 0 / 0    |
| RAM2_addr<1>                       | IOB              | OUTPUT    | LVCMOS25             |       | 12       | SLOW |              |          | 0 / 0    |
| RAM2_addr<2>                       | IOB              | OUTPUT    | LVCMOS25             |       | 12       | SLOW |              |          | 0 / 0    |
| RAM2_addr<3>                       | IOB              | OUTPUT    | LVCMOS25             |       | 12       | SLOW |              |          | 0 / 0    |
| RAM2_addr<4>                       | IOB              | OUTPUT    | LVCMOS25             |       | 12       | SLOW |              |          | 0 / 0    |
| RAM2_addr<5>                       | IOB              | OUTPUT    | LVCMOS25             |       | 12       | SLOW |              |          | 0 / 0    |
| RAM2_addr<6>                       | IOB              | OUTPUT    | LVCMOS25             |       | 12       | SLOW |              |          | 0 / 0    |
| RAM2_addr<7>                       | IOB              | OUTPUT    | LVCMOS25             |       | 12       | SLOW |              |          | 0 / 0    |
| RAM2_addr<8>                       | IOB              | OUTPUT    | LVCMOS25             |       | 12       | SLOW |              |          | 0 / 0    |
| RAM2_addr<9>                       | IOB              | OUTPUT    | LVCMOS25             |       | 12       | SLOW |              |          | 0 / 0    |
| RAM2_addr<10>                      | IOB              | OUTPUT    | LVCMOS25             |       | 12       | SLOW |              |          | 0 / 0    |
| RAM2_addr<11>                      | IOB              | OUTPUT    | LVCMOS25             |       | 12       | SLOW |              |          | 0 / 0    |
| RAM2_addr<12>                      | IOB              | OUTPUT    | LVCMOS25             |       | 12       | SLOW |              |          | 0 / 0    |
| RAM2_addr<13>                      | IOB              | OUTPUT    | LVCMOS25             |       | 12       | SLOW |              |          | 0 / 0    |
| RAM2_addr<14>                      | IOB              | OUTPUT    | LVCMOS25             |       | 12       | SLOW |              |          | 0 / 0    |
| RAM2_addr<15>                      | IOB              | OUTPUT    | LVCMOS25             |       | 12       | SLOW |              |          | 0 / 0    |
| RAM2_addr<16>                      | IOB              | OUTPUT    | LVCMOS25             |       | 12       | SLOW |              |          | 0 / 0    |
| RAM2_addr<17>                      | IOB              | OUTPUT    | LVCMOS25             |       | 12       | SLOW |              |          | 0 / 0    |
| RAM2_data<0>                       | IOB              | BIDIR     | LVCMOS25             |       | 12       | SLOW | OFF1         |          | 0 / 0    |
|                                    |                  |           |                      |       |          |      | TFF2         |          |          |
| RAM2_data<1>                       | IOB              | BIDIR     | LVCMOS25             |       | 12       | SLOW | OFF1         |          | 0 / 0    |
|                                    |                  |           |                      |       |          |      | TFF2         |          |          |
| RAM2_data<2>                       | IOB              | BIDIR     | LVCMOS25             |       | 12       | SLOW | OFF1         |          | 0 / 0    |
|                                    |                  |           |                      |       |          |      | TFF2         |          |          |
| RAM2_data<3>                       | IOB              | BIDIR     | LVCMOS25             |       | 12       | SLOW | OFF1         |          | 0 / 0    |
|                                    |                  |           |                      |       |          |      | TFF2         |          |          |
| RAM2_data<4>                       | IOB              | BIDIR     | LVCMOS25             |       | 12       | SLOW | OFF1         |          | 0 / 0    |
|                                    |                  |           |                      |       |          |      | TFF2         |          |          |
| RAM2_data<5>                       | IOB              | BIDIR     | LVCMOS25             |       | 12       | SLOW | OFF1         |          | 0 / 0    |
|                                    |                  |           |                      |       |          |      | TFF2         |          |          |
| RAM2_data<6>                       | IOB              | BIDIR     | LVCMOS25             |       | 12       | SLOW | OFF1         |          | 0 / 0    |
|                                    |                  |           |                      |       |          |      | TFF2         |          |          |
| RAM2_data<7>                       | IOB              | BIDIR     | LVCMOS25             |       | 12       | SLOW | OFF1         |          | 0 / 0    |
|                                    |                  |           |                      |       |          |      | TFF2         |          |          |
| RAM2_data<8>                       | IOB              | BIDIR     | LVCMOS25             |       | 12       | SLOW | OFF1         |          | 0 / 0    |
|                                    |                  |           |                      |       |          |      | TFF2         |          |          |
| RAM2_data<9>                       | IOB              | BIDIR     | LVCMOS25             |       | 12       | SLOW | OFF1         |          | 0 / 0    |
|                                    |                  |           |                      |       |          |      | TFF2         |          |          |
| RAM2_data<10>                      | IOB              | BIDIR     | LVCMOS25             |       | 12       | SLOW | OFF1         |          | 0 / 0    |
|                                    |                  |           |                      |       |          |      | TFF2         |          |          |
| RAM2_data<11>                      | IOB              | BIDIR     | LVCMOS25             |       | 12       | SLOW | OFF1         |          | 0 / 0    |
|                                    |                  |           |                      |       |          |      | TFF2         |          |          |
| RAM2_data<12>                      | IOB              | BIDIR     | LVCMOS25             |       | 12       | SLOW | OFF1         |          | 0 / 0    |
|                                    |                  |           |                      |       |          |      | TFF2         |          |          |
| RAM2_data<13>                      | IOB              | BIDIR     | LVCMOS25             |       | 12       | SLOW | OFF1         |          | 0 / 0    |
|                                    |                  |           |                      |       |          |      | TFF2         |          |          |
| RAM2_data<14>                      | IOB              | BIDIR     | LVCMOS25             |       | 12       | SLOW | OFF1         |          | 0 / 0    |
|                                    |                  |           |                      |       |          |      | TFF2         |          |          |
| RAM2_data<15>                      | IOB              | BIDIR     | LVCMOS25             |       | 12       | SLOW | OFF1         |          | 0 / 0    |
|                                    |                  |           |                      |       |          |      | TFF2         |          |          |
| RAM2_en                            | IOB              | OUTPUT    | LVCMOS25             |       | 12       | SLOW |              |          | 0 / 0    |
| RAM2_oe                            | IOB              | OUTPUT    | LVCMOS25             |       | 12       | SLOW |              |          | 0 / 0    |
| RAM2_we                            | IOB              | OUTPUT    | LVCMOS25             |       | 12       | SLOW |              |          | 0 / 0    |
| Rst                                | IBUF             | INPUT     | LVCMOS25             |       |          |      |              |          | 0 / 0    |
| SSD_h<0>                           | IOB              | OUTPUT    | LVCMOS25             |       | 12       | SLOW |              |          | 0 / 0    |
| SSD_h<1>                           | IOB              | OUTPUT    | LVCMOS25             |       | 12       | SLOW |              |          | 0 / 0    |
| SSD_h<2>                           | IOB              | OUTPUT    | LVCMOS25             |       | 12       | SLOW |              |          | 0 / 0    |
| SSD_h<3>                           | IOB              | OUTPUT    | LVCMOS25             |       | 12       | SLOW |              |          | 0 / 0    |
| SSD_h<4>                           | IOB              | OUTPUT    | LVCMOS25             |       | 12       | SLOW |              |          | 0 / 0    |
| SSD_h<5>                           | IOB              | OUTPUT    | LVCMOS25             |       | 12       | SLOW |              |          | 0 / 0    |
| SSD_h<6>                           | IOB              | OUTPUT    | LVCMOS25             |       | 12       | SLOW |              |          | 0 / 0    |
| SSD_l<0>                           | IOB              | OUTPUT    | LVCMOS25             |       | 12       | SLOW |              |          | 0 / 0    |
| SSD_l<1>                           | IOB              | OUTPUT    | LVCMOS25             |       | 12       | SLOW |              |          | 0 / 0    |
| SSD_l<2>                           | IOB              | OUTPUT    | LVCMOS25             |       | 12       | SLOW |              |          | 0 / 0    |
| SSD_l<3>                           | IOB              | OUTPUT    | LVCMOS25             |       | 12       | SLOW |              |          | 0 / 0    |
| SSD_l<4>                           | IOB              | OUTPUT    | LVCMOS25             |       | 12       | SLOW |              |          | 0 / 0    |
| SSD_l<5>                           | IOB              | OUTPUT    | LVCMOS25             |       | 12       | SLOW |              |          | 0 / 0    |
| SSD_l<6>                           | IOB              | OUTPUT    | LVCMOS25             |       | 12       | SLOW |              |          | 0 / 0    |
+---------------------------------------------------------------------------------------------------------------------------------------------------------+

Section 7 - RPMs
----------------

Section 8 - Guide Report
------------------------
Guide not run on this design.

Section 9 - Area Group and Partition Summary
--------------------------------------------

Partition Implementation Status
-------------------------------

  No Partitions were found in this design.

-------------------------------

Area Group Information
----------------------

  No area groups were found in this design.

----------------------

Section 10 - Timing Report
--------------------------
This design was not run using timing mode.

Section 11 - Configuration String Details
-----------------------------------------
Use the "-detail" map option to print out Configuration Strings

Section 12 - Control Set Information
------------------------------------
No control set information for this architecture.

Section 13 - Utilization by Hierarchy
-------------------------------------
Use the "-detail" map option to print out the Utilization by Hierarchy section.
