Release 14.7 - xst P.20131013 (nt64)
Copyright (c) 1995-2013 Xilinx, Inc.  All rights reserved.
--> Parameter TMPDIR set to xst/projnav.tmp


Total REAL time to Xst completion: 0.00 secs
Total CPU time to Xst completion: 0.09 secs
 
--> Parameter xsthdpdir set to xst


Total REAL time to Xst completion: 0.00 secs
Total CPU time to Xst completion: 0.09 secs
 
--> Reading design: REG_HEAP.prj

TABLE OF CONTENTS
  1) Synthesis Options Summary
  2) HDL Compilation
  3) Design Hierarchy Analysis
  4) HDL Analysis
  5) HDL Synthesis
     5.1) HDL Synthesis Report
  6) Advanced HDL Synthesis
     6.1) Advanced HDL Synthesis Report
  7) Low Level Synthesis
  8) Partition Report
  9) Final Report
	9.1) Device utilization summary
	9.2) Partition Resource Summary
	9.3) TIMING REPORT


=========================================================================
*                      Synthesis Options Summary                        *
=========================================================================
---- Source Parameters
Input File Name                    : "REG_HEAP.prj"
Input Format                       : mixed
Ignore Synthesis Constraint File   : NO

---- Target Parameters
Output File Name                   : "REG_HEAP"
Output Format                      : NGC
Target Device                      : xc3s1200e-4-fg320

---- Source Options
Top Module Name                    : REG_HEAP
Automatic FSM Extraction           : YES
FSM Encoding Algorithm             : Auto
Safe Implementation                : No
FSM Style                          : LUT
RAM Extraction                     : Yes
RAM Style                          : Auto
ROM Extraction                     : Yes
Mux Style                          : Auto
Decoder Extraction                 : YES
Priority Encoder Extraction        : Yes
Shift Register Extraction          : YES
Logical Shifter Extraction         : YES
XOR Collapsing                     : YES
ROM Style                          : Auto
Mux Extraction                     : Yes
Resource Sharing                   : YES
Asynchronous To Synchronous        : NO
Multiplier Style                   : Auto
Automatic Register Balancing       : No

---- Target Options
Add IO Buffers                     : YES
Global Maximum Fanout              : 100000
Add Generic Clock Buffer(BUFG)     : 24
Register Duplication               : YES
Slice Packing                      : YES
Optimize Instantiated Primitives   : NO
Use Clock Enable                   : Yes
Use Synchronous Set                : Yes
Use Synchronous Reset              : Yes
Pack IO Registers into IOBs        : Auto
Equivalent register Removal        : YES

---- General Options
Optimization Goal                  : Speed
Optimization Effort                : 1
Keep Hierarchy                     : No
Netlist Hierarchy                  : As_Optimized
RTL Output                         : Yes
Global Optimization                : AllClockNets
Read Cores                         : YES
Write Timing Constraints           : NO
Cross Clock Analysis               : NO
Hierarchy Separator                : /
Bus Delimiter                      : <>
Case Specifier                     : Maintain
Slice Utilization Ratio            : 100
BRAM Utilization Ratio             : 100
Verilog 2001                       : YES
Auto BRAM Packing                  : NO
Slice Utilization Ratio Delta      : 5

=========================================================================


=========================================================================
*                          HDL Compilation                              *
=========================================================================
Compiling vhdl file "C:/COA/cpu301/regheap.vhd" in Library work.
Entity <reg_heap> compiled.
Entity <reg_heap> (Architecture <rtl>) compiled.

=========================================================================
*                     Design Hierarchy Analysis                         *
=========================================================================
Analyzing hierarchy for entity <REG_HEAP> in library <work> (architecture <rtl>).


=========================================================================
*                            HDL Analysis                               *
=========================================================================
Analyzing Entity <REG_HEAP> in library <work> (Architecture <rtl>).
Entity <REG_HEAP> analyzed. Unit <REG_HEAP> generated.


=========================================================================
*                           HDL Synthesis                               *
=========================================================================

Performing bidirectional port resolution...

Synthesizing Unit <REG_HEAP>.
    Related source file is "C:/COA/cpu301/regheap.vhd".
    Found 16-bit 8-to-1 multiplexer for signal <Rx_q>.
    Found 16-bit 8-to-1 multiplexer for signal <Ry_q>.
    Found 128-bit register for signal <Reg>.
    Summary:
	inferred 128 D-type flip-flop(s).
	inferred  32 Multiplexer(s).
Unit <REG_HEAP> synthesized.


=========================================================================
HDL Synthesis Report

Macro Statistics
# Registers                                            : 8
 16-bit register                                       : 8
# Multiplexers                                         : 2
 16-bit 8-to-1 multiplexer                             : 2

=========================================================================

=========================================================================
*                       Advanced HDL Synthesis                          *
=========================================================================


=========================================================================
Advanced HDL Synthesis Report

Macro Statistics
# Registers                                            : 128
 Flip-Flops                                            : 128
# Multiplexers                                         : 32
 1-bit 8-to-1 multiplexer                              : 32

=========================================================================

=========================================================================
*                         Low Level Synthesis                           *
=========================================================================

Optimizing unit <REG_HEAP> ...

Mapping all equations...
Building and optimizing final netlist ...
Found area constraint ratio of 100 (+ 5) on block REG_HEAP, actual ratio is 1.

Final Macro Processing ...

=========================================================================
Final Register Report

Macro Statistics
# Registers                                            : 128
 Flip-Flops                                            : 128

=========================================================================

=========================================================================
*                           Partition Report                            *
=========================================================================

Partition Implementation Status
-------------------------------

  No Partitions were found in this design.

-------------------------------

=========================================================================
*                            Final Report                               *
=========================================================================
Final Results
RTL Top Level Output File Name     : REG_HEAP.ngr
Top Level Output File Name         : REG_HEAP
Output Format                      : NGC
Optimization Goal                  : Speed
Keep Hierarchy                     : No

Design Statistics
# IOs                              : 60

Cell Usage :
# BELS                             : 233
#      INV                         : 1
#      LUT3                        : 128
#      LUT4                        : 8
#      MUXF5                       : 64
#      MUXF6                       : 32
# FlipFlops/Latches                : 128
#      FDCE                        : 128
# Clock Buffers                    : 1
#      BUFGP                       : 1
# IO Buffers                       : 59
#      IBUF                        : 27
#      OBUF                        : 32
=========================================================================

Device utilization summary:
---------------------------

Selected Device : 3s1200efg320-4 

 Number of Slices:                      141  out of   8672     1%  
 Number of Slice Flip Flops:            128  out of  17344     0%  
 Number of 4 input LUTs:                137  out of  17344     0%  
 Number of IOs:                          60
 Number of bonded IOBs:                  60  out of    250    24%  
 Number of GCLKs:                         1  out of     24     4%  

---------------------------
Partition Resource Summary:
---------------------------

  No Partitions were found in this design.

---------------------------


=========================================================================
TIMING REPORT

NOTE: THESE TIMING NUMBERS ARE ONLY A SYNTHESIS ESTIMATE.
      FOR ACCURATE TIMING INFORMATION PLEASE REFER TO THE TRACE REPORT
      GENERATED AFTER PLACE-and-ROUTE.

Clock Information:
------------------
-----------------------------------+------------------------+-------+
Clock Signal                       | Clock buffer(FF name)  | Load  |
-----------------------------------+------------------------+-------+
Clk                                | BUFGP                  | 128   |
-----------------------------------+------------------------+-------+

Asynchronous Control Signals Information:
----------------------------------------
-----------------------------------+------------------------+-------+
Control Signal                     | Buffer(FF name)        | Load  |
-----------------------------------+------------------------+-------+
Rst_inv(Rst_inv1_INV_0:O)          | NONE(Reg_0_0)          | 128   |
-----------------------------------+------------------------+-------+

Timing Summary:
---------------
Speed Grade: -4

   Minimum period: No path found
   Minimum input arrival time before clock: 4.443ns
   Maximum output required time after clock: 6.355ns
   Maximum combinational path delay: 7.903ns

Timing Detail:
--------------
All values displayed in nanoseconds (ns)

=========================================================================
Timing constraint: Default OFFSET IN BEFORE for Clock 'Clk'
  Total number of paths / destination ports: 640 / 256
-------------------------------------------------------------------------
Offset:              4.443ns (Levels of Logic = 2)
  Source:            Rw<2> (PAD)
  Destination:       Reg_1_0 (FF)
  Destination Clock: Clk rising

  Data Path: Rw<2> to Reg_1_0
                                Gate     Net
    Cell:in->out      fanout   Delay   Delay  Logical Name (Net Name)
    ----------------------------------------  ------------
     IBUF:I->O             8   1.218   0.932  Rw_2_IBUF (Rw_2_IBUF)
     LUT4:I0->O           16   0.704   1.034  Reg_1_and00001 (Reg_1_and0000)
     FDCE:CE                   0.555          Reg_1_0
    ----------------------------------------
    Total                      4.443ns (2.477ns logic, 1.966ns route)
                                       (55.8% logic, 44.2% route)

=========================================================================
Timing constraint: Default OFFSET OUT AFTER for Clock 'Clk'
  Total number of paths / destination ports: 256 / 32
-------------------------------------------------------------------------
Offset:              6.355ns (Levels of Logic = 4)
  Source:            Reg_0_15 (FF)
  Destination:       Rx_q<15> (PAD)
  Source Clock:      Clk rising

  Data Path: Reg_0_15 to Rx_q<15>
                                Gate     Net
    Cell:in->out      fanout   Delay   Delay  Logical Name (Net Name)
    ----------------------------------------  ------------
     FDCE:C->Q             2   0.591   0.526  Reg_0_15 (Reg_0_15)
     LUT3:I1->O            1   0.704   0.000  mux6_6 (mux6_6)
     MUXF5:I0->O           1   0.321   0.000  mux6_4_f5 (mux6_4_f5)
     MUXF6:I0->O           1   0.521   0.420  mux6_2_f6 (Rx_q_15_OBUF)
     OBUF:I->O                 3.272          Rx_q_15_OBUF (Rx_q<15>)
    ----------------------------------------
    Total                      6.355ns (5.409ns logic, 0.946ns route)
                                       (85.1% logic, 14.9% route)

=========================================================================
Timing constraint: Default path analysis
  Total number of paths / destination ports: 224 / 32
-------------------------------------------------------------------------
Delay:               7.903ns (Levels of Logic = 5)
  Source:            Rx<0> (PAD)
  Destination:       Rx_q<15> (PAD)

  Data Path: Rx<0> to Rx_q<15>
                                Gate     Net
    Cell:in->out      fanout   Delay   Delay  Logical Name (Net Name)
    ----------------------------------------  ------------
     IBUF:I->O            64   1.218   1.447  Rx_0_IBUF (Rx_0_IBUF)
     LUT3:I0->O            1   0.704   0.000  mux_4 (mux_4)
     MUXF5:I1->O           1   0.321   0.000  mux_3_f5 (mux_3_f5)
     MUXF6:I1->O           1   0.521   0.420  mux_2_f6 (Rx_q_0_OBUF)
     OBUF:I->O                 3.272          Rx_q_0_OBUF (Rx_q<0>)
    ----------------------------------------
    Total                      7.903ns (6.036ns logic, 1.867ns route)
                                       (76.4% logic, 23.6% route)

=========================================================================


Total REAL time to Xst completion: 4.00 secs
Total CPU time to Xst completion: 4.63 secs
 
--> 

Total memory usage is 261400 kilobytes

Number of errors   :    0 (   0 filtered)
Number of warnings :    0 (   0 filtered)
Number of infos    :    0 (   0 filtered)

